[0.044s] Invoking command in '/home/faraz/ros2_ws5/build/my_robot_bringup': CMAKE_PREFIX_PATH=${CMAKE_PREFIX_PATH}:/home/faraz/ros2_ws4/install/my_robot_description:/home/faraz/ros2_ws/install/my_py_pkg:/opt/ros/jazzy DEBUGINFOD_URLS=https://debuginfod.ubuntu.com /usr/bin/cmake --build /home/faraz/ros2_ws5/build/my_robot_bringup -- -j4 -l4
[0.193s] -- Found ament_cmake: 2.5.4 (/opt/ros/jazzy/share/ament_cmake/cmake)
[0.702s] -- Override CMake install command with custom implementation using symlinks instead of copying resources
[0.957s] -- Configuring done (0.8s)
[1.017s] -- Generating done (0.0s)
[1.028s] -- Build files have been written to: /home/faraz/ros2_ws5/build/my_robot_bringup
[1.075s] Invoked command in '/home/faraz/ros2_ws5/build/my_robot_bringup' returned '0': CMAKE_PREFIX_PATH=${CMAKE_PREFIX_PATH}:/home/faraz/ros2_ws4/install/my_robot_description:/home/faraz/ros2_ws/install/my_py_pkg:/opt/ros/jazzy DEBUGINFOD_URLS=https://debuginfod.ubuntu.com /usr/bin/cmake --build /home/faraz/ros2_ws5/build/my_robot_bringup -- -j4 -l4
[1.078s] Invoking command in '/home/faraz/ros2_ws5/build/my_robot_bringup': CMAKE_PREFIX_PATH=${CMAKE_PREFIX_PATH}:/home/faraz/ros2_ws4/install/my_robot_description:/home/faraz/ros2_ws/install/my_py_pkg:/opt/ros/jazzy DEBUGINFOD_URLS=https://debuginfod.ubuntu.com /usr/bin/cmake --install /home/faraz/ros2_ws5/build/my_robot_bringup
[1.093s] -- Install configuration: ""
[1.093s] -- Execute custom install script
[1.094s] -- Up-to-date symlink: /home/faraz/ros2_ws5/install/my_robot_bringup/share/my_robot_bringup//urdf/base_and_links.xacro
[1.095s] -- Up-to-date symlink: /home/faraz/ros2_ws5/install/my_robot_bringup/share/my_robot_bringup//urdf/common_properties.xacro
[1.096s] -- Up-to-date symlink: /home/faraz/ros2_ws5/install/my_robot_bringup/share/my_robot_bringup//urdf/robot_urdf.urdf.xacro
[1.096s] -- Up-to-date symlink: /home/faraz/ros2_ws5/install/my_robot_bringup/share/my_robot_bringup//launch/my_robot_gazebo.launch.xml
[1.099s] -- Up-to-date symlink: /home/faraz/ros2_ws5/install/my_robot_bringup/share/my_robot_bringup//rviz/urdf_config.rviz
[1.099s] -- Symlinking: /home/faraz/ros2_ws5/install/my_robot_bringup/share/my_robot_bringup//config/gazebo_bridge.yaml
[1.113s] -- Up-to-date symlink: /home/faraz/ros2_ws5/install/my_robot_bringup/share/ament_index/resource_index/package_run_dependencies/my_robot_bringup
[1.113s] -- Up-to-date symlink: /home/faraz/ros2_ws5/install/my_robot_bringup/share/ament_index/resource_index/parent_prefix_path/my_robot_bringup
[1.114s] -- Up-to-date symlink: /home/faraz/ros2_ws5/install/my_robot_bringup/share/my_robot_bringup/environment/ament_prefix_path.sh
[1.115s] -- Up-to-date symlink: /home/faraz/ros2_ws5/install/my_robot_bringup/share/my_robot_bringup/environment/ament_prefix_path.dsv
[1.117s] -- Up-to-date symlink: /home/faraz/ros2_ws5/install/my_robot_bringup/share/my_robot_bringup/environment/path.sh
[1.117s] -- Up-to-date symlink: /home/faraz/ros2_ws5/install/my_robot_bringup/share/my_robot_bringup/environment/path.dsv
[1.117s] -- Up-to-date symlink: /home/faraz/ros2_ws5/install/my_robot_bringup/share/my_robot_bringup/local_setup.bash
[1.118s] -- Up-to-date symlink: /home/faraz/ros2_ws5/install/my_robot_bringup/share/my_robot_bringup/local_setup.sh
[1.118s] -- Up-to-date symlink: /home/faraz/ros2_ws5/install/my_robot_bringup/share/my_robot_bringup/local_setup.zsh
[1.118s] -- Up-to-date symlink: /home/faraz/ros2_ws5/install/my_robot_bringup/share/my_robot_bringup/local_setup.dsv
[1.118s] -- Symlinking: /home/faraz/ros2_ws5/install/my_robot_bringup/share/my_robot_bringup/package.dsv
[1.132s] -- Up-to-date symlink: /home/faraz/ros2_ws5/install/my_robot_bringup/share/ament_index/resource_index/packages/my_robot_bringup
[1.135s] -- Up-to-date symlink: /home/faraz/ros2_ws5/install/my_robot_bringup/share/my_robot_bringup/cmake/my_robot_bringupConfig.cmake
[1.136s] -- Up-to-date symlink: /home/faraz/ros2_ws5/install/my_robot_bringup/share/my_robot_bringup/cmake/my_robot_bringupConfig-version.cmake
[1.144s] -- Up-to-date symlink: /home/faraz/ros2_ws5/install/my_robot_bringup/share/my_robot_bringup/package.xml
[1.146s] Invoked command in '/home/faraz/ros2_ws5/build/my_robot_bringup' returned '0': CMAKE_PREFIX_PATH=${CMAKE_PREFIX_PATH}:/home/faraz/ros2_ws4/install/my_robot_description:/home/faraz/ros2_ws/install/my_py_pkg:/opt/ros/jazzy DEBUGINFOD_URLS=https://debuginfod.ubuntu.com /usr/bin/cmake --install /home/faraz/ros2_ws5/build/my_robot_bringup
