[0.038s] Invoking command in '/home/faraz/ros2_ws5/build/my_robot_description': CMAKE_PREFIX_PATH=${CMAKE_PREFIX_PATH}:/home/faraz/ros2_ws4/install/my_robot_description:/home/faraz/ros2_ws/install/my_py_pkg:/opt/ros/jazzy DEBUGINFOD_URLS=https://debuginfod.ubuntu.com /usr/bin/cmake --build /home/faraz/ros2_ws5/build/my_robot_description -- -j4 -l4
[0.192s] Invoked command in '/home/faraz/ros2_ws5/build/my_robot_description' returned '0': CMAKE_PREFIX_PATH=${CMAKE_PREFIX_PATH}:/home/faraz/ros2_ws4/install/my_robot_description:/home/faraz/ros2_ws/install/my_py_pkg:/opt/ros/jazzy DEBUGINFOD_URLS=https://debuginfod.ubuntu.com /usr/bin/cmake --build /home/faraz/ros2_ws5/build/my_robot_description -- -j4 -l4
[0.199s] Invoking command in '/home/faraz/ros2_ws5/build/my_robot_description': CMAKE_PREFIX_PATH=${CMAKE_PREFIX_PATH}:/home/faraz/ros2_ws4/install/my_robot_description:/home/faraz/ros2_ws/install/my_py_pkg:/opt/ros/jazzy DEBUGINFOD_URLS=https://debuginfod.ubuntu.com /usr/bin/cmake --install /home/faraz/ros2_ws5/build/my_robot_description
[0.219s] -- Install configuration: ""
[0.241s] -- Execute custom install script
[0.242s] -- Up-to-date symlink: /home/faraz/ros2_ws5/install/my_robot_description/share/my_robot_description//urdf/base_and_links.xacro
[0.242s] -- Up-to-date symlink: /home/faraz/ros2_ws5/install/my_robot_description/share/my_robot_description//urdf/common_properties.xacro
[0.242s] -- Up-to-date symlink: /home/faraz/ros2_ws5/install/my_robot_description/share/my_robot_description//urdf/robot_urdf.urdf.xacro
[0.242s] -- Up-to-date symlink: /home/faraz/ros2_ws5/install/my_robot_description/share/my_robot_description//launch/display.launch.py
[0.242s] -- Up-to-date symlink: /home/faraz/ros2_ws5/install/my_robot_description/share/my_robot_description//launch/display.launch.xml
[0.242s] -- Up-to-date symlink: /home/faraz/ros2_ws5/install/my_robot_description/share/my_robot_description//rviz/urdf_config.rviz
[0.242s] -- Up-to-date symlink: /home/faraz/ros2_ws5/install/my_robot_description/share/ament_index/resource_index/package_run_dependencies/my_robot_description
[0.242s] -- Up-to-date symlink: /home/faraz/ros2_ws5/install/my_robot_description/share/ament_index/resource_index/parent_prefix_path/my_robot_description
[0.242s] -- Up-to-date symlink: /home/faraz/ros2_ws5/install/my_robot_description/share/my_robot_description/environment/ament_prefix_path.sh
[0.242s] -- Up-to-date symlink: /home/faraz/ros2_ws5/install/my_robot_description/share/my_robot_description/environment/ament_prefix_path.dsv
[0.242s] -- Up-to-date symlink: /home/faraz/ros2_ws5/install/my_robot_description/share/my_robot_description/environment/path.sh
[0.243s] -- Up-to-date symlink: /home/faraz/ros2_ws5/install/my_robot_description/share/my_robot_description/environment/path.dsv
[0.243s] -- Up-to-date symlink: /home/faraz/ros2_ws5/install/my_robot_description/share/my_robot_description/local_setup.bash
[0.244s] -- Up-to-date symlink: /home/faraz/ros2_ws5/install/my_robot_description/share/my_robot_description/local_setup.sh
[0.249s] -- Up-to-date symlink: /home/faraz/ros2_ws5/install/my_robot_description/share/my_robot_description/local_setup.zsh
[0.250s] -- Up-to-date symlink: /home/faraz/ros2_ws5/install/my_robot_description/share/my_robot_description/local_setup.dsv
[0.251s] -- Symlinking: /home/faraz/ros2_ws5/install/my_robot_description/share/my_robot_description/package.dsv
[0.252s] -- Up-to-date symlink: /home/faraz/ros2_ws5/install/my_robot_description/share/ament_index/resource_index/packages/my_robot_description
[0.252s] -- Up-to-date symlink: /home/faraz/ros2_ws5/install/my_robot_description/share/my_robot_description/cmake/my_robot_descriptionConfig.cmake
[0.252s] -- Up-to-date symlink: /home/faraz/ros2_ws5/install/my_robot_description/share/my_robot_description/cmake/my_robot_descriptionConfig-version.cmake
[0.252s] -- Up-to-date symlink: /home/faraz/ros2_ws5/install/my_robot_description/share/my_robot_description/package.xml
[0.287s] Invoked command in '/home/faraz/ros2_ws5/build/my_robot_description' returned '0': CMAKE_PREFIX_PATH=${CMAKE_PREFIX_PATH}:/home/faraz/ros2_ws4/install/my_robot_description:/home/faraz/ros2_ws/install/my_py_pkg:/opt/ros/jazzy DEBUGINFOD_URLS=https://debuginfod.ubuntu.com /usr/bin/cmake --install /home/faraz/ros2_ws5/build/my_robot_description
