[0.044s] Invoking command in '/home/faraz/ros2_ws5/build/my_robot_bringup': CMAKE_PREFIX_PATH=${CMAKE_PREFIX_PATH}:/home/faraz/ros2_ws4/install/my_robot_description:/home/faraz/ros2_ws/install/my_py_pkg:/opt/ros/jazzy DEBUGINFOD_URLS=https://debuginfod.ubuntu.com /usr/bin/cmake /home/faraz/ros2_ws5/src/my_robot_bringup -DAMENT_CMAKE_SYMLINK_INSTALL=1 -DCMAKE_INSTALL_PREFIX=/home/faraz/ros2_ws5/install/my_robot_bringup
[0.094s] -- Found ament_cmake: 2.5.4 (/opt/ros/jazzy/share/ament_cmake/cmake)
[0.471s] -- Override CMake install command with custom implementation using symlinks instead of copying resources
[0.617s] -- Configuring done (0.5s)
[0.640s] -- Generating done (0.0s)
[0.650s] -- Build files have been written to: /home/faraz/ros2_ws5/build/my_robot_bringup
[0.655s] Invoked command in '/home/faraz/ros2_ws5/build/my_robot_bringup' returned '0': CMAKE_PREFIX_PATH=${CMAKE_PREFIX_PATH}:/home/faraz/ros2_ws4/install/my_robot_description:/home/faraz/ros2_ws/install/my_py_pkg:/opt/ros/jazzy DEBUGINFOD_URLS=https://debuginfod.ubuntu.com /usr/bin/cmake /home/faraz/ros2_ws5/src/my_robot_bringup -DAMENT_CMAKE_SYMLINK_INSTALL=1 -DCMAKE_INSTALL_PREFIX=/home/faraz/ros2_ws5/install/my_robot_bringup
[0.655s] Invoking command in '/home/faraz/ros2_ws5/build/my_robot_bringup': CMAKE_PREFIX_PATH=${CMAKE_PREFIX_PATH}:/home/faraz/ros2_ws4/install/my_robot_description:/home/faraz/ros2_ws/install/my_py_pkg:/opt/ros/jazzy DEBUGINFOD_URLS=https://debuginfod.ubuntu.com /usr/bin/cmake --build /home/faraz/ros2_ws5/build/my_robot_bringup -- -j4 -l4
[0.734s] Invoked command in '/home/faraz/ros2_ws5/build/my_robot_bringup' returned '0': CMAKE_PREFIX_PATH=${CMAKE_PREFIX_PATH}:/home/faraz/ros2_ws4/install/my_robot_description:/home/faraz/ros2_ws/install/my_py_pkg:/opt/ros/jazzy DEBUGINFOD_URLS=https://debuginfod.ubuntu.com /usr/bin/cmake --build /home/faraz/ros2_ws5/build/my_robot_bringup -- -j4 -l4
[0.758s] Invoking command in '/home/faraz/ros2_ws5/build/my_robot_bringup': CMAKE_PREFIX_PATH=${CMAKE_PREFIX_PATH}:/home/faraz/ros2_ws4/install/my_robot_description:/home/faraz/ros2_ws/install/my_py_pkg:/opt/ros/jazzy DEBUGINFOD_URLS=https://debuginfod.ubuntu.com /usr/bin/cmake --install /home/faraz/ros2_ws5/build/my_robot_bringup
[0.766s] -- Install configuration: ""
[0.767s] -- Execute custom install script
[0.767s] -- Up-to-date symlink: /home/faraz/ros2_ws5/install/my_robot_bringup/share/my_robot_bringup//urdf/base_and_links.xacro
[0.768s] -- Up-to-date symlink: /home/faraz/ros2_ws5/install/my_robot_bringup/share/my_robot_bringup//urdf/common_properties.xacro
[0.768s] -- Up-to-date symlink: /home/faraz/ros2_ws5/install/my_robot_bringup/share/my_robot_bringup//urdf/mobile_base_gazebo.xacro
[0.768s] -- Up-to-date symlink: /home/faraz/ros2_ws5/install/my_robot_bringup/share/my_robot_bringup//urdf/robot_urdf.urdf.xacro
[0.769s] -- Up-to-date symlink: /home/faraz/ros2_ws5/install/my_robot_bringup/share/my_robot_bringup//launch/my_robot_gazebo.launch.xml
[0.769s] -- Up-to-date symlink: /home/faraz/ros2_ws5/install/my_robot_bringup/share/my_robot_bringup//rviz/urdf_config.rviz
[0.770s] -- Up-to-date symlink: /home/faraz/ros2_ws5/install/my_robot_bringup/share/my_robot_bringup//config/gazebo_bridge.yaml
[0.770s] -- Up-to-date symlink: /home/faraz/ros2_ws5/install/my_robot_bringup/share/ament_index/resource_index/package_run_dependencies/my_robot_bringup
[0.770s] -- Up-to-date symlink: /home/faraz/ros2_ws5/install/my_robot_bringup/share/ament_index/resource_index/parent_prefix_path/my_robot_bringup
[0.770s] -- Up-to-date symlink: /home/faraz/ros2_ws5/install/my_robot_bringup/share/my_robot_bringup/environment/ament_prefix_path.sh
[0.771s] -- Up-to-date symlink: /home/faraz/ros2_ws5/install/my_robot_bringup/share/my_robot_bringup/environment/ament_prefix_path.dsv
[0.771s] -- Up-to-date symlink: /home/faraz/ros2_ws5/install/my_robot_bringup/share/my_robot_bringup/environment/path.sh
[0.771s] -- Up-to-date symlink: /home/faraz/ros2_ws5/install/my_robot_bringup/share/my_robot_bringup/environment/path.dsv
[0.771s] -- Up-to-date symlink: /home/faraz/ros2_ws5/install/my_robot_bringup/share/my_robot_bringup/local_setup.bash
[0.772s] -- Up-to-date symlink: /home/faraz/ros2_ws5/install/my_robot_bringup/share/my_robot_bringup/local_setup.sh
[0.772s] -- Up-to-date symlink: /home/faraz/ros2_ws5/install/my_robot_bringup/share/my_robot_bringup/local_setup.zsh
[0.772s] -- Up-to-date symlink: /home/faraz/ros2_ws5/install/my_robot_bringup/share/my_robot_bringup/local_setup.dsv
[0.773s] -- Symlinking: /home/faraz/ros2_ws5/install/my_robot_bringup/share/my_robot_bringup/package.dsv
[0.792s] -- Up-to-date symlink: /home/faraz/ros2_ws5/install/my_robot_bringup/share/ament_index/resource_index/packages/my_robot_bringup
[0.793s] -- Up-to-date symlink: /home/faraz/ros2_ws5/install/my_robot_bringup/share/my_robot_bringup/cmake/my_robot_bringupConfig.cmake
[0.793s] -- Up-to-date symlink: /home/faraz/ros2_ws5/install/my_robot_bringup/share/my_robot_bringup/cmake/my_robot_bringupConfig-version.cmake
[0.793s] -- Up-to-date symlink: /home/faraz/ros2_ws5/install/my_robot_bringup/share/my_robot_bringup/package.xml
[0.796s] Invoked command in '/home/faraz/ros2_ws5/build/my_robot_bringup' returned '0': CMAKE_PREFIX_PATH=${CMAKE_PREFIX_PATH}:/home/faraz/ros2_ws4/install/my_robot_description:/home/faraz/ros2_ws/install/my_py_pkg:/opt/ros/jazzy DEBUGINFOD_URLS=https://debuginfod.ubuntu.com /usr/bin/cmake --install /home/faraz/ros2_ws5/build/my_robot_bringup
