[0.036s] Invoking command in '/home/faraz/ros2_ws5/build/my_robot_description': CMAKE_PREFIX_PATH=${CMAKE_PREFIX_PATH}:/home/faraz/ros2_ws4/install/my_robot_description:/home/faraz/ros2_ws/install/my_py_pkg:/opt/ros/jazzy DEBUGINFOD_URLS=https://debuginfod.ubuntu.com /usr/bin/cmake /home/faraz/ros2_ws5/src/my_robot_description -DAMENT_CMAKE_SYMLINK_INSTALL=1 -DCMAKE_INSTALL_PREFIX=/home/faraz/ros2_ws5/install/my_robot_description
[0.150s] -- Found ament_cmake: 2.5.4 (/opt/ros/jazzy/share/ament_cmake/cmake)
[0.513s] -- Override CMake install command with custom implementation using symlinks instead of copying resources
[0.665s] -- Configuring done (0.5s)
[0.699s] -- Generating done (0.0s)
[0.707s] -- Build files have been written to: /home/faraz/ros2_ws5/build/my_robot_description
[0.727s] Invoked command in '/home/faraz/ros2_ws5/build/my_robot_description' returned '0': CMAKE_PREFIX_PATH=${CMAKE_PREFIX_PATH}:/home/faraz/ros2_ws4/install/my_robot_description:/home/faraz/ros2_ws/install/my_py_pkg:/opt/ros/jazzy DEBUGINFOD_URLS=https://debuginfod.ubuntu.com /usr/bin/cmake /home/faraz/ros2_ws5/src/my_robot_description -DAMENT_CMAKE_SYMLINK_INSTALL=1 -DCMAKE_INSTALL_PREFIX=/home/faraz/ros2_ws5/install/my_robot_description
[0.729s] Invoking command in '/home/faraz/ros2_ws5/build/my_robot_description': CMAKE_PREFIX_PATH=${CMAKE_PREFIX_PATH}:/home/faraz/ros2_ws4/install/my_robot_description:/home/faraz/ros2_ws/install/my_py_pkg:/opt/ros/jazzy DEBUGINFOD_URLS=https://debuginfod.ubuntu.com /usr/bin/cmake --build /home/faraz/ros2_ws5/build/my_robot_description -- -j4 -l4
[0.845s] Invoked command in '/home/faraz/ros2_ws5/build/my_robot_description' returned '0': CMAKE_PREFIX_PATH=${CMAKE_PREFIX_PATH}:/home/faraz/ros2_ws4/install/my_robot_description:/home/faraz/ros2_ws/install/my_py_pkg:/opt/ros/jazzy DEBUGINFOD_URLS=https://debuginfod.ubuntu.com /usr/bin/cmake --build /home/faraz/ros2_ws5/build/my_robot_description -- -j4 -l4
[0.849s] Invoking command in '/home/faraz/ros2_ws5/build/my_robot_description': CMAKE_PREFIX_PATH=${CMAKE_PREFIX_PATH}:/home/faraz/ros2_ws4/install/my_robot_description:/home/faraz/ros2_ws/install/my_py_pkg:/opt/ros/jazzy DEBUGINFOD_URLS=https://debuginfod.ubuntu.com /usr/bin/cmake --install /home/faraz/ros2_ws5/build/my_robot_description
[0.880s] -- Install configuration: ""
[0.880s] -- Execute custom install script
[0.880s] -- Up-to-date symlink: /home/faraz/ros2_ws5/install/my_robot_description/share/my_robot_description//urdf/base_and_links.xacro
[0.880s] -- Up-to-date symlink: /home/faraz/ros2_ws5/install/my_robot_description/share/my_robot_description//urdf/camera.xacro
[0.881s] -- Up-to-date symlink: /home/faraz/ros2_ws5/install/my_robot_description/share/my_robot_description//urdf/common_properties.xacro
[0.881s] -- Up-to-date symlink: /home/faraz/ros2_ws5/install/my_robot_description/share/my_robot_description//urdf/mobile_base_gazebo.xacro
[0.881s] -- Up-to-date symlink: /home/faraz/ros2_ws5/install/my_robot_description/share/my_robot_description//urdf/robot_urdf.urdf.xacro
[0.881s] -- Up-to-date symlink: /home/faraz/ros2_ws5/install/my_robot_description/share/my_robot_description//launch/display.launch.py
[0.881s] -- Up-to-date symlink: /home/faraz/ros2_ws5/install/my_robot_description/share/my_robot_description//launch/display.launch.xml
[0.881s] -- Up-to-date symlink: /home/faraz/ros2_ws5/install/my_robot_description/share/my_robot_description//rviz/urdf_config.rviz
[0.881s] -- Up-to-date symlink: /home/faraz/ros2_ws5/install/my_robot_description/share/ament_index/resource_index/package_run_dependencies/my_robot_description
[0.881s] -- Up-to-date symlink: /home/faraz/ros2_ws5/install/my_robot_description/share/ament_index/resource_index/parent_prefix_path/my_robot_description
[0.881s] -- Up-to-date symlink: /home/faraz/ros2_ws5/install/my_robot_description/share/my_robot_description/environment/ament_prefix_path.sh
[0.881s] -- Up-to-date symlink: /home/faraz/ros2_ws5/install/my_robot_description/share/my_robot_description/environment/ament_prefix_path.dsv
[0.881s] -- Up-to-date symlink: /home/faraz/ros2_ws5/install/my_robot_description/share/my_robot_description/environment/path.sh
[0.881s] -- Up-to-date symlink: /home/faraz/ros2_ws5/install/my_robot_description/share/my_robot_description/environment/path.dsv
[0.881s] -- Up-to-date symlink: /home/faraz/ros2_ws5/install/my_robot_description/share/my_robot_description/local_setup.bash
[0.881s] -- Up-to-date symlink: /home/faraz/ros2_ws5/install/my_robot_description/share/my_robot_description/local_setup.sh
[0.881s] -- Up-to-date symlink: /home/faraz/ros2_ws5/install/my_robot_description/share/my_robot_description/local_setup.zsh
[0.881s] -- Up-to-date symlink: /home/faraz/ros2_ws5/install/my_robot_description/share/my_robot_description/local_setup.dsv
[0.881s] -- Symlinking: /home/faraz/ros2_ws5/install/my_robot_description/share/my_robot_description/package.dsv
[0.893s] -- Up-to-date symlink: /home/faraz/ros2_ws5/install/my_robot_description/share/ament_index/resource_index/packages/my_robot_description
[0.893s] -- Up-to-date symlink: /home/faraz/ros2_ws5/install/my_robot_description/share/my_robot_description/cmake/my_robot_descriptionConfig.cmake
[0.893s] -- Up-to-date symlink: /home/faraz/ros2_ws5/install/my_robot_description/share/my_robot_description/cmake/my_robot_descriptionConfig-version.cmake
[0.893s] -- Up-to-date symlink: /home/faraz/ros2_ws5/install/my_robot_description/share/my_robot_description/package.xml
[0.949s] Invoked command in '/home/faraz/ros2_ws5/build/my_robot_description' returned '0': CMAKE_PREFIX_PATH=${CMAKE_PREFIX_PATH}:/home/faraz/ros2_ws4/install/my_robot_description:/home/faraz/ros2_ws/install/my_py_pkg:/opt/ros/jazzy DEBUGINFOD_URLS=https://debuginfod.ubuntu.com /usr/bin/cmake --install /home/faraz/ros2_ws5/build/my_robot_description
