[0.030s] Invoking command in '/home/faraz/ros2_ws4/build/my_robot_description': CMAKE_PREFIX_PATH=${CMAKE_PREFIX_PATH}:/home/faraz/ros2_ws/install/my_py_pkg:/opt/ros/jazzy DEBUGINFOD_URLS=https://debuginfod.ubuntu.com /usr/bin/cmake --build /home/faraz/ros2_ws4/build/my_robot_description -- -j4 -l4
[0.087s] Invoked command in '/home/faraz/ros2_ws4/build/my_robot_description' returned '0': CMAKE_PREFIX_PATH=${CMAKE_PREFIX_PATH}:/home/faraz/ros2_ws/install/my_py_pkg:/opt/ros/jazzy DEBUGINFOD_URLS=https://debuginfod.ubuntu.com /usr/bin/cmake --build /home/faraz/ros2_ws4/build/my_robot_description -- -j4 -l4
[0.101s] Invoking command in '/home/faraz/ros2_ws4/build/my_robot_description': CMAKE_PREFIX_PATH=${CMAKE_PREFIX_PATH}:/home/faraz/ros2_ws/install/my_py_pkg:/opt/ros/jazzy DEBUGINFOD_URLS=https://debuginfod.ubuntu.com /usr/bin/cmake --install /home/faraz/ros2_ws4/build/my_robot_description
[0.146s] -- Install configuration: ""
[0.150s] -- Execute custom install script
[0.153s] -- Symlinking: /home/faraz/ros2_ws4/install/my_robot_description/share/my_robot_description//urdf/base_and_links.xacro
[0.165s] -- Up-to-date symlink: /home/faraz/ros2_ws4/install/my_robot_description/share/my_robot_description//urdf/common_properties.xacro
[0.166s] -- Up-to-date symlink: /home/faraz/ros2_ws4/install/my_robot_description/share/my_robot_description//urdf/robot_urdf.urdf.xacro
[0.166s] -- Up-to-date symlink: /home/faraz/ros2_ws4/install/my_robot_description/share/my_robot_description//launch/display.launch.py
[0.166s] -- Up-to-date symlink: /home/faraz/ros2_ws4/install/my_robot_description/share/my_robot_description//launch/display.launch.xml
[0.167s] -- Up-to-date symlink: /home/faraz/ros2_ws4/install/my_robot_description/share/my_robot_description//rviz/urdf_config.rviz
[0.167s] -- Up-to-date symlink: /home/faraz/ros2_ws4/install/my_robot_description/share/ament_index/resource_index/package_run_dependencies/my_robot_description
[0.167s] -- Up-to-date symlink: /home/faraz/ros2_ws4/install/my_robot_description/share/ament_index/resource_index/parent_prefix_path/my_robot_description
[0.168s] -- Up-to-date symlink: /home/faraz/ros2_ws4/install/my_robot_description/share/my_robot_description/environment/ament_prefix_path.sh
[0.168s] -- Up-to-date symlink: /home/faraz/ros2_ws4/install/my_robot_description/share/my_robot_description/environment/ament_prefix_path.dsv
[0.168s] -- Up-to-date symlink: /home/faraz/ros2_ws4/install/my_robot_description/share/my_robot_description/environment/path.sh
[0.168s] -- Up-to-date symlink: /home/faraz/ros2_ws4/install/my_robot_description/share/my_robot_description/environment/path.dsv
[0.168s] -- Up-to-date symlink: /home/faraz/ros2_ws4/install/my_robot_description/share/my_robot_description/local_setup.bash
[0.168s] -- Up-to-date symlink: /home/faraz/ros2_ws4/install/my_robot_description/share/my_robot_description/local_setup.sh
[0.169s] -- Up-to-date symlink: /home/faraz/ros2_ws4/install/my_robot_description/share/my_robot_description/local_setup.zsh
[0.169s] -- Up-to-date symlink: /home/faraz/ros2_ws4/install/my_robot_description/share/my_robot_description/local_setup.dsv
[0.169s] -- Symlinking: /home/faraz/ros2_ws4/install/my_robot_description/share/my_robot_description/package.dsv
[0.183s] -- Up-to-date symlink: /home/faraz/ros2_ws4/install/my_robot_description/share/ament_index/resource_index/packages/my_robot_description
[0.184s] -- Up-to-date symlink: /home/faraz/ros2_ws4/install/my_robot_description/share/my_robot_description/cmake/my_robot_descriptionConfig.cmake
[0.184s] -- Up-to-date symlink: /home/faraz/ros2_ws4/install/my_robot_description/share/my_robot_description/cmake/my_robot_descriptionConfig-version.cmake
[0.184s] -- Up-to-date symlink: /home/faraz/ros2_ws4/install/my_robot_description/share/my_robot_description/package.xml
[0.187s] Invoked command in '/home/faraz/ros2_ws4/build/my_robot_description' returned '0': CMAKE_PREFIX_PATH=${CMAKE_PREFIX_PATH}:/home/faraz/ros2_ws/install/my_py_pkg:/opt/ros/jazzy DEBUGINFOD_URLS=https://debuginfod.ubuntu.com /usr/bin/cmake --install /home/faraz/ros2_ws4/build/my_robot_description
