[0.053s] Invoking command in '/home/faraz/ros2_ws5/build/my_robot_description': CMAKE_PREFIX_PATH=${CMAKE_PREFIX_PATH}:/home/faraz/ros2_ws4/install/my_robot_description:/home/faraz/ros2_ws/install/my_py_pkg:/opt/ros/jazzy DEBUGINFOD_URLS=https://debuginfod.ubuntu.com /usr/bin/cmake /home/faraz/ros2_ws5/src/my_robot_description -DCMAKE_INSTALL_PREFIX=/home/faraz/ros2_ws5/install/my_robot_description
[0.237s] -- Found ament_cmake: 2.5.4 (/opt/ros/jazzy/share/ament_cmake/cmake)
[0.680s] -- Override CMake install command with custom implementation using symlinks instead of copying resources
[0.944s] -- Configuring done (0.8s)
[0.993s] -- Generating done (0.0s)
[1.017s] -- Build files have been written to: /home/faraz/ros2_ws5/build/my_robot_description
[1.031s] Invoked command in '/home/faraz/ros2_ws5/build/my_robot_description' returned '0': CMAKE_PREFIX_PATH=${CMAKE_PREFIX_PATH}:/home/faraz/ros2_ws4/install/my_robot_description:/home/faraz/ros2_ws/install/my_py_pkg:/opt/ros/jazzy DEBUGINFOD_URLS=https://debuginfod.ubuntu.com /usr/bin/cmake /home/faraz/ros2_ws5/src/my_robot_description -DCMAKE_INSTALL_PREFIX=/home/faraz/ros2_ws5/install/my_robot_description
[1.032s] Invoking command in '/home/faraz/ros2_ws5/build/my_robot_description': CMAKE_PREFIX_PATH=${CMAKE_PREFIX_PATH}:/home/faraz/ros2_ws4/install/my_robot_description:/home/faraz/ros2_ws/install/my_py_pkg:/opt/ros/jazzy DEBUGINFOD_URLS=https://debuginfod.ubuntu.com /usr/bin/cmake --build /home/faraz/ros2_ws5/build/my_robot_description -- -j4 -l4
[1.117s] Invoked command in '/home/faraz/ros2_ws5/build/my_robot_description' returned '0': CMAKE_PREFIX_PATH=${CMAKE_PREFIX_PATH}:/home/faraz/ros2_ws4/install/my_robot_description:/home/faraz/ros2_ws/install/my_py_pkg:/opt/ros/jazzy DEBUGINFOD_URLS=https://debuginfod.ubuntu.com /usr/bin/cmake --build /home/faraz/ros2_ws5/build/my_robot_description -- -j4 -l4
[1.137s] Invoking command in '/home/faraz/ros2_ws5/build/my_robot_description': CMAKE_PREFIX_PATH=${CMAKE_PREFIX_PATH}:/home/faraz/ros2_ws4/install/my_robot_description:/home/faraz/ros2_ws/install/my_py_pkg:/opt/ros/jazzy DEBUGINFOD_URLS=https://debuginfod.ubuntu.com /usr/bin/cmake --install /home/faraz/ros2_ws5/build/my_robot_description
[1.153s] -- Install configuration: ""
[1.154s] -- Execute custom install script
[1.157s] -- Up-to-date symlink: /home/faraz/ros2_ws5/install/my_robot_description/share/my_robot_description//urdf/base_and_links.xacro
[1.157s] -- Up-to-date symlink: /home/faraz/ros2_ws5/install/my_robot_description/share/my_robot_description//urdf/common_properties.xacro
[1.158s] -- Up-to-date symlink: /home/faraz/ros2_ws5/install/my_robot_description/share/my_robot_description//urdf/mobile_base_gazebo.xacro
[1.158s] -- Up-to-date symlink: /home/faraz/ros2_ws5/install/my_robot_description/share/my_robot_description//urdf/robot_urdf.urdf.xacro
[1.160s] -- Up-to-date symlink: /home/faraz/ros2_ws5/install/my_robot_description/share/my_robot_description//launch/display.launch.py
[1.163s] -- Up-to-date symlink: /home/faraz/ros2_ws5/install/my_robot_description/share/my_robot_description//launch/display.launch.xml
[1.165s] -- Up-to-date symlink: /home/faraz/ros2_ws5/install/my_robot_description/share/my_robot_description//rviz/urdf_config.rviz
[1.165s] -- Up-to-date symlink: /home/faraz/ros2_ws5/install/my_robot_description/share/ament_index/resource_index/package_run_dependencies/my_robot_description
[1.166s] -- Up-to-date symlink: /home/faraz/ros2_ws5/install/my_robot_description/share/ament_index/resource_index/parent_prefix_path/my_robot_description
[1.168s] -- Up-to-date symlink: /home/faraz/ros2_ws5/install/my_robot_description/share/my_robot_description/environment/ament_prefix_path.sh
[1.169s] -- Up-to-date symlink: /home/faraz/ros2_ws5/install/my_robot_description/share/my_robot_description/environment/ament_prefix_path.dsv
[1.171s] -- Up-to-date symlink: /home/faraz/ros2_ws5/install/my_robot_description/share/my_robot_description/environment/path.sh
[1.172s] -- Up-to-date symlink: /home/faraz/ros2_ws5/install/my_robot_description/share/my_robot_description/environment/path.dsv
[1.178s] -- Up-to-date symlink: /home/faraz/ros2_ws5/install/my_robot_description/share/my_robot_description/local_setup.bash
[1.179s] -- Up-to-date symlink: /home/faraz/ros2_ws5/install/my_robot_description/share/my_robot_description/local_setup.sh
[1.180s] -- Up-to-date symlink: /home/faraz/ros2_ws5/install/my_robot_description/share/my_robot_description/local_setup.zsh
[1.181s] -- Up-to-date symlink: /home/faraz/ros2_ws5/install/my_robot_description/share/my_robot_description/local_setup.dsv
[1.181s] -- Symlinking: /home/faraz/ros2_ws5/install/my_robot_description/share/my_robot_description/package.dsv
[1.200s] -- Up-to-date symlink: /home/faraz/ros2_ws5/install/my_robot_description/share/ament_index/resource_index/packages/my_robot_description
[1.210s] -- Up-to-date symlink: /home/faraz/ros2_ws5/install/my_robot_description/share/my_robot_description/cmake/my_robot_descriptionConfig.cmake
[1.214s] -- Up-to-date symlink: /home/faraz/ros2_ws5/install/my_robot_description/share/my_robot_description/cmake/my_robot_descriptionConfig-version.cmake
[1.215s] -- Up-to-date symlink: /home/faraz/ros2_ws5/install/my_robot_description/share/my_robot_description/package.xml
[1.220s] Invoked command in '/home/faraz/ros2_ws5/build/my_robot_description' returned '0': CMAKE_PREFIX_PATH=${CMAKE_PREFIX_PATH}:/home/faraz/ros2_ws4/install/my_robot_description:/home/faraz/ros2_ws/install/my_py_pkg:/opt/ros/jazzy DEBUGINFOD_URLS=https://debuginfod.ubuntu.com /usr/bin/cmake --install /home/faraz/ros2_ws5/build/my_robot_description
