-- Install configuration: ""
-- Execute custom install script
-- Up-to-date symlink: /home/faraz/ros2_ws5/install/my_robot_bringup/share/my_robot_bringup//urdf/base_and_links.xacro
-- Up-to-date symlink: /home/faraz/ros2_ws5/install/my_robot_bringup/share/my_robot_bringup//urdf/common_properties.xacro
-- Up-to-date symlink: /home/faraz/ros2_ws5/install/my_robot_bringup/share/my_robot_bringup//urdf/robot_urdf.urdf.xacro
-- Up-to-date symlink: /home/faraz/ros2_ws5/install/my_robot_bringup/share/my_robot_bringup//launch/my_robot_gazebo.launch.xml
-- Symlinking: /home/faraz/ros2_ws5/install/my_robot_bringup/share/my_robot_bringup//rviz/urdf_config.rviz
-- Symlinking: /home/faraz/ros2_ws5/install/my_robot_bringup/share/ament_index/resource_index/package_run_dependencies/my_robot_bringup
-- Symlinking: /home/faraz/ros2_ws5/install/my_robot_bringup/share/ament_index/resource_index/parent_prefix_path/my_robot_bringup
-- Symlinking: /home/faraz/ros2_ws5/install/my_robot_bringup/share/my_robot_bringup/environment/ament_prefix_path.sh
-- Symlinking: /home/faraz/ros2_ws5/install/my_robot_bringup/share/my_robot_bringup/environment/ament_prefix_path.dsv
-- Symlinking: /home/faraz/ros2_ws5/install/my_robot_bringup/share/my_robot_bringup/environment/path.sh
-- Symlinking: /home/faraz/ros2_ws5/install/my_robot_bringup/share/my_robot_bringup/environment/path.dsv
-- Symlinking: /home/faraz/ros2_ws5/install/my_robot_bringup/share/my_robot_bringup/local_setup.bash
-- Symlinking: /home/faraz/ros2_ws5/install/my_robot_bringup/share/my_robot_bringup/local_setup.sh
-- Symlinking: /home/faraz/ros2_ws5/install/my_robot_bringup/share/my_robot_bringup/local_setup.zsh
-- Symlinking: /home/faraz/ros2_ws5/install/my_robot_bringup/share/my_robot_bringup/local_setup.dsv
-- Symlinking: /home/faraz/ros2_ws5/install/my_robot_bringup/share/my_robot_bringup/package.dsv
-- Symlinking: /home/faraz/ros2_ws5/install/my_robot_bringup/share/ament_index/resource_index/packages/my_robot_bringup
-- Symlinking: /home/faraz/ros2_ws5/install/my_robot_bringup/share/my_robot_bringup/cmake/my_robot_bringupConfig.cmake
-- Symlinking: /home/faraz/ros2_ws5/install/my_robot_bringup/share/my_robot_bringup/cmake/my_robot_bringupConfig-version.cmake
-- Up-to-date symlink: /home/faraz/ros2_ws5/install/my_robot_bringup/share/my_robot_bringup/package.xml
