[0.091s] Invoking command in '/home/faraz/ros2_ws5/build/my_robot_bringup': CMAKE_PREFIX_PATH=${CMAKE_PREFIX_PATH}:/home/faraz/ros2_ws4/install/my_robot_description:/home/faraz/ros2_ws/install/my_py_pkg:/opt/ros/jazzy DEBUGINFOD_URLS=https://debuginfod.ubuntu.com /usr/bin/cmake --build /home/faraz/ros2_ws5/build/my_robot_bringup -- -j4 -l4
[0.690s] Invoked command in '/home/faraz/ros2_ws5/build/my_robot_bringup' returned '0': CMAKE_PREFIX_PATH=${CMAKE_PREFIX_PATH}:/home/faraz/ros2_ws4/install/my_robot_description:/home/faraz/ros2_ws/install/my_py_pkg:/opt/ros/jazzy DEBUGINFOD_URLS=https://debuginfod.ubuntu.com /usr/bin/cmake --build /home/faraz/ros2_ws5/build/my_robot_bringup -- -j4 -l4
[0.727s] Invoking command in '/home/faraz/ros2_ws5/build/my_robot_bringup': CMAKE_PREFIX_PATH=${CMAKE_PREFIX_PATH}:/home/faraz/ros2_ws4/install/my_robot_description:/home/faraz/ros2_ws/install/my_py_pkg:/opt/ros/jazzy DEBUGINFOD_URLS=https://debuginfod.ubuntu.com /usr/bin/cmake --install /home/faraz/ros2_ws5/build/my_robot_bringup
[0.756s] -- Install configuration: ""
[0.771s] -- Execute custom install script
[0.782s] -- Up-to-date symlink: /home/faraz/ros2_ws5/install/my_robot_bringup/share/my_robot_bringup//urdf/base_and_links.xacro
[0.783s] -- Up-to-date symlink: /home/faraz/ros2_ws5/install/my_robot_bringup/share/my_robot_bringup//urdf/common_properties.xacro
[0.784s] -- Up-to-date symlink: /home/faraz/ros2_ws5/install/my_robot_bringup/share/my_robot_bringup//urdf/robot_urdf.urdf.xacro
[0.788s] -- Up-to-date symlink: /home/faraz/ros2_ws5/install/my_robot_bringup/share/my_robot_bringup//launch/my_robot_gazebo.launch.xml
[0.791s] -- Up-to-date symlink: /home/faraz/ros2_ws5/install/my_robot_bringup/share/my_robot_bringup//rviz/urdf_config.rviz
[0.791s] -- Up-to-date symlink: /home/faraz/ros2_ws5/install/my_robot_bringup/share/ament_index/resource_index/package_run_dependencies/my_robot_bringup
[0.793s] -- Up-to-date symlink: /home/faraz/ros2_ws5/install/my_robot_bringup/share/ament_index/resource_index/parent_prefix_path/my_robot_bringup
[0.795s] -- Up-to-date symlink: /home/faraz/ros2_ws5/install/my_robot_bringup/share/my_robot_bringup/environment/ament_prefix_path.sh
[0.797s] -- Up-to-date symlink: /home/faraz/ros2_ws5/install/my_robot_bringup/share/my_robot_bringup/environment/ament_prefix_path.dsv
[0.798s] -- Up-to-date symlink: /home/faraz/ros2_ws5/install/my_robot_bringup/share/my_robot_bringup/environment/path.sh
[0.800s] -- Up-to-date symlink: /home/faraz/ros2_ws5/install/my_robot_bringup/share/my_robot_bringup/environment/path.dsv
[0.801s] -- Up-to-date symlink: /home/faraz/ros2_ws5/install/my_robot_bringup/share/my_robot_bringup/local_setup.bash
[0.803s] -- Up-to-date symlink: /home/faraz/ros2_ws5/install/my_robot_bringup/share/my_robot_bringup/local_setup.sh
[0.804s] -- Up-to-date symlink: /home/faraz/ros2_ws5/install/my_robot_bringup/share/my_robot_bringup/local_setup.zsh
[0.806s] -- Up-to-date symlink: /home/faraz/ros2_ws5/install/my_robot_bringup/share/my_robot_bringup/local_setup.dsv
[0.806s] -- Symlinking: /home/faraz/ros2_ws5/install/my_robot_bringup/share/my_robot_bringup/package.dsv
[0.842s] -- Up-to-date symlink: /home/faraz/ros2_ws5/install/my_robot_bringup/share/ament_index/resource_index/packages/my_robot_bringup
[0.843s] -- Up-to-date symlink: /home/faraz/ros2_ws5/install/my_robot_bringup/share/my_robot_bringup/cmake/my_robot_bringupConfig.cmake
[0.848s] -- Up-to-date symlink: /home/faraz/ros2_ws5/install/my_robot_bringup/share/my_robot_bringup/cmake/my_robot_bringupConfig-version.cmake
[0.848s] -- Up-to-date symlink: /home/faraz/ros2_ws5/install/my_robot_bringup/share/my_robot_bringup/package.xml
[0.849s] Invoked command in '/home/faraz/ros2_ws5/build/my_robot_bringup' returned '0': CMAKE_PREFIX_PATH=${CMAKE_PREFIX_PATH}:/home/faraz/ros2_ws4/install/my_robot_description:/home/faraz/ros2_ws/install/my_py_pkg:/opt/ros/jazzy DEBUGINFOD_URLS=https://debuginfod.ubuntu.com /usr/bin/cmake --install /home/faraz/ros2_ws5/build/my_robot_bringup
