[0.048s] Invoking command in '/home/faraz/ros2_ws4/build/my_robot_description': CMAKE_PREFIX_PATH=${CMAKE_PREFIX_PATH}:/home/faraz/ros2_ws/install/my_py_pkg:/opt/ros/jazzy DEBUGINFOD_URLS=https://debuginfod.ubuntu.com /usr/bin/cmake --build /home/faraz/ros2_ws4/build/my_robot_description -- -j4 -l4
[0.218s] Invoked command in '/home/faraz/ros2_ws4/build/my_robot_description' returned '0': CMAKE_PREFIX_PATH=${CMAKE_PREFIX_PATH}:/home/faraz/ros2_ws/install/my_py_pkg:/opt/ros/jazzy DEBUGINFOD_URLS=https://debuginfod.ubuntu.com /usr/bin/cmake --build /home/faraz/ros2_ws4/build/my_robot_description -- -j4 -l4
[0.235s] Invoking command in '/home/faraz/ros2_ws4/build/my_robot_description': CMAKE_PREFIX_PATH=${CMAKE_PREFIX_PATH}:/home/faraz/ros2_ws/install/my_py_pkg:/opt/ros/jazzy DEBUGINFOD_URLS=https://debuginfod.ubuntu.com /usr/bin/cmake --install /home/faraz/ros2_ws4/build/my_robot_description
[0.283s] -- Install configuration: ""
[0.283s] -- Execute custom install script
[0.283s] -- Symlinking: /home/faraz/ros2_ws4/install/my_robot_description/share/my_robot_description//urdf/common_properties.xacro
[0.339s] -- Up-to-date symlink: /home/faraz/ros2_ws4/install/my_robot_description/share/my_robot_description//urdf/robot_urdf.urdf.xacro
[0.339s] -- Up-to-date symlink: /home/faraz/ros2_ws4/install/my_robot_description/share/my_robot_description//launch/display.launch.py
[0.339s] -- Up-to-date symlink: /home/faraz/ros2_ws4/install/my_robot_description/share/my_robot_description//launch/display.launch.xml
[0.339s] -- Up-to-date symlink: /home/faraz/ros2_ws4/install/my_robot_description/share/my_robot_description//rviz/urdf_config.rviz
[0.339s] -- Up-to-date symlink: /home/faraz/ros2_ws4/install/my_robot_description/share/ament_index/resource_index/package_run_dependencies/my_robot_description
[0.340s] -- Up-to-date symlink: /home/faraz/ros2_ws4/install/my_robot_description/share/ament_index/resource_index/parent_prefix_path/my_robot_description
[0.340s] -- Up-to-date symlink: /home/faraz/ros2_ws4/install/my_robot_description/share/my_robot_description/environment/ament_prefix_path.sh
[0.341s] -- Up-to-date symlink: /home/faraz/ros2_ws4/install/my_robot_description/share/my_robot_description/environment/ament_prefix_path.dsv
[0.341s] -- Up-to-date symlink: /home/faraz/ros2_ws4/install/my_robot_description/share/my_robot_description/environment/path.sh
[0.341s] -- Up-to-date symlink: /home/faraz/ros2_ws4/install/my_robot_description/share/my_robot_description/environment/path.dsv
[0.348s] -- Up-to-date symlink: /home/faraz/ros2_ws4/install/my_robot_description/share/my_robot_description/local_setup.bash
[0.348s] -- Up-to-date symlink: /home/faraz/ros2_ws4/install/my_robot_description/share/my_robot_description/local_setup.sh
[0.348s] -- Up-to-date symlink: /home/faraz/ros2_ws4/install/my_robot_description/share/my_robot_description/local_setup.zsh
[0.348s] -- Up-to-date symlink: /home/faraz/ros2_ws4/install/my_robot_description/share/my_robot_description/local_setup.dsv
[0.348s] -- Symlinking: /home/faraz/ros2_ws4/install/my_robot_description/share/my_robot_description/package.dsv
[0.362s] -- Up-to-date symlink: /home/faraz/ros2_ws4/install/my_robot_description/share/ament_index/resource_index/packages/my_robot_description
[0.362s] -- Up-to-date symlink: /home/faraz/ros2_ws4/install/my_robot_description/share/my_robot_description/cmake/my_robot_descriptionConfig.cmake
[0.362s] -- Up-to-date symlink: /home/faraz/ros2_ws4/install/my_robot_description/share/my_robot_description/cmake/my_robot_descriptionConfig-version.cmake
[0.362s] -- Up-to-date symlink: /home/faraz/ros2_ws4/install/my_robot_description/share/my_robot_description/package.xml
[0.366s] Invoked command in '/home/faraz/ros2_ws4/build/my_robot_description' returned '0': CMAKE_PREFIX_PATH=${CMAKE_PREFIX_PATH}:/home/faraz/ros2_ws/install/my_py_pkg:/opt/ros/jazzy DEBUGINFOD_URLS=https://debuginfod.ubuntu.com /usr/bin/cmake --install /home/faraz/ros2_ws4/build/my_robot_description
