-- The C compiler identification is GNU 13.3.0
-- The CXX compiler identification is GNU 13.3.0
-- Detecting C compiler ABI info
-- Detecting C compiler ABI info - done
-- Check for working C compiler: /usr/bin/cc - skipped
-- Detecting C compile features
-- Detecting C compile features - done
-- Detecting CXX compiler ABI info
-- Detecting CXX compiler ABI info - done
-- Check for working CXX compiler: /usr/bin/c++ - skipped
-- Detecting CXX compile features
-- Detecting CXX compile features - done
-- Found ament_cmake: 2.5.4 (/opt/ros/jazzy/share/ament_cmake/cmake)
-- Found Python3: /usr/bin/python3 (found version "3.12.3") found components: Interpreter 
-- Override CMake install command with custom implementation using symlinks instead of copying resources
-- Configuring done (1.8s)
-- Generating done (0.0s)
-- Build files have been written to: /home/faraz/ros2_ws5/build/my_robot_description
-- Install configuration: ""
-- Execute custom install script
-- Symlinking: /home/faraz/ros2_ws5/install/my_robot_description/share/my_robot_description//urdf/base_and_links.xacro
-- Symlinking: /home/faraz/ros2_ws5/install/my_robot_description/share/my_robot_description//urdf/common_properties.xacro
-- Symlinking: /home/faraz/ros2_ws5/install/my_robot_description/share/my_robot_description//urdf/robot_urdf.urdf.xacro
-- Symlinking: /home/faraz/ros2_ws5/install/my_robot_description/share/my_robot_description//launch/display.launch.py
-- Symlinking: /home/faraz/ros2_ws5/install/my_robot_description/share/my_robot_description//launch/display.launch.xml
-- Symlinking: /home/faraz/ros2_ws5/install/my_robot_description/share/my_robot_description//rviz/urdf_config.rviz
-- Symlinking: /home/faraz/ros2_ws5/install/my_robot_description/share/ament_index/resource_index/package_run_dependencies/my_robot_description
-- Symlinking: /home/faraz/ros2_ws5/install/my_robot_description/share/ament_index/resource_index/parent_prefix_path/my_robot_description
-- Up-to-date symlink: /home/faraz/ros2_ws5/install/my_robot_description/share/my_robot_description/environment/ament_prefix_path.sh
-- Symlinking: /home/faraz/ros2_ws5/install/my_robot_description/share/my_robot_description/environment/ament_prefix_path.dsv
-- Up-to-date symlink: /home/faraz/ros2_ws5/install/my_robot_description/share/my_robot_description/environment/path.sh
-- Symlinking: /home/faraz/ros2_ws5/install/my_robot_description/share/my_robot_description/environment/path.dsv
-- Symlinking: /home/faraz/ros2_ws5/install/my_robot_description/share/my_robot_description/local_setup.bash
-- Symlinking: /home/faraz/ros2_ws5/install/my_robot_description/share/my_robot_description/local_setup.sh
-- Symlinking: /home/faraz/ros2_ws5/install/my_robot_description/share/my_robot_description/local_setup.zsh
-- Symlinking: /home/faraz/ros2_ws5/install/my_robot_description/share/my_robot_description/local_setup.dsv
-- Symlinking: /home/faraz/ros2_ws5/install/my_robot_description/share/my_robot_description/package.dsv
-- Symlinking: /home/faraz/ros2_ws5/install/my_robot_description/share/ament_index/resource_index/packages/my_robot_description
-- Symlinking: /home/faraz/ros2_ws5/install/my_robot_description/share/my_robot_description/cmake/my_robot_descriptionConfig.cmake
-- Symlinking: /home/faraz/ros2_ws5/install/my_robot_description/share/my_robot_description/cmake/my_robot_descriptionConfig-version.cmake
-- Symlinking: /home/faraz/ros2_ws5/install/my_robot_description/share/my_robot_description/package.xml
