[0.072s] Invoking command in '/home/faraz/ros2_ws5/build/my_robot_bringup': CMAKE_PREFIX_PATH=${CMAKE_PREFIX_PATH}:/home/faraz/ros2_ws5/install/my_robot_bringup:/home/faraz/ros2_ws4/install/my_robot_description:/home/faraz/ros2_ws/install/my_py_pkg:/opt/ros/jazzy DEBUGINFOD_URLS=https://debuginfod.ubuntu.com /usr/bin/cmake /home/faraz/ros2_ws5/src/my_robot_bringup -DAMENT_CMAKE_SYMLINK_INSTALL=1 -DCMAKE_INSTALL_PREFIX=/home/faraz/ros2_ws5/install/my_robot_bringup
[0.634s] -- The C compiler identification is GNU 13.3.0
[1.159s] -- The CXX compiler identification is GNU 13.3.0
[1.240s] -- Detecting C compiler ABI info
[1.583s] -- Detecting C compiler ABI info - done
[1.594s] -- Check for working C compiler: /usr/bin/cc - skipped
[1.596s] -- Detecting C compile features
[1.598s] -- Detecting C compile features - done
[1.622s] -- Detecting CXX compiler ABI info
[1.883s] -- Detecting CXX compiler ABI info - done
[1.883s] -- Check for working CXX compiler: /usr/bin/c++ - skipped
[1.883s] -- Detecting CXX compile features
[1.883s] -- Detecting CXX compile features - done
[1.936s] -- Found ament_cmake: 2.5.4 (/opt/ros/jazzy/share/ament_cmake/cmake)
[2.227s] -- Found Python3: /usr/bin/python3 (found version "3.12.3") found components: Interpreter 
[2.375s] -- Override CMake install command with custom implementation using symlinks instead of copying resources
[2.644s] -- Configuring done (2.5s)
[2.659s] -- Generating done (0.0s)
[2.679s] -- Build files have been written to: /home/faraz/ros2_ws5/build/my_robot_bringup
[2.685s] Invoked command in '/home/faraz/ros2_ws5/build/my_robot_bringup' returned '0': CMAKE_PREFIX_PATH=${CMAKE_PREFIX_PATH}:/home/faraz/ros2_ws5/install/my_robot_bringup:/home/faraz/ros2_ws4/install/my_robot_description:/home/faraz/ros2_ws/install/my_py_pkg:/opt/ros/jazzy DEBUGINFOD_URLS=https://debuginfod.ubuntu.com /usr/bin/cmake /home/faraz/ros2_ws5/src/my_robot_bringup -DAMENT_CMAKE_SYMLINK_INSTALL=1 -DCMAKE_INSTALL_PREFIX=/home/faraz/ros2_ws5/install/my_robot_bringup
[2.686s] Invoking command in '/home/faraz/ros2_ws5/build/my_robot_bringup': CMAKE_PREFIX_PATH=${CMAKE_PREFIX_PATH}:/home/faraz/ros2_ws5/install/my_robot_bringup:/home/faraz/ros2_ws4/install/my_robot_description:/home/faraz/ros2_ws/install/my_py_pkg:/opt/ros/jazzy DEBUGINFOD_URLS=https://debuginfod.ubuntu.com /usr/bin/cmake --build /home/faraz/ros2_ws5/build/my_robot_bringup -- -j4 -l4
[2.759s] Invoked command in '/home/faraz/ros2_ws5/build/my_robot_bringup' returned '0': CMAKE_PREFIX_PATH=${CMAKE_PREFIX_PATH}:/home/faraz/ros2_ws5/install/my_robot_bringup:/home/faraz/ros2_ws4/install/my_robot_description:/home/faraz/ros2_ws/install/my_py_pkg:/opt/ros/jazzy DEBUGINFOD_URLS=https://debuginfod.ubuntu.com /usr/bin/cmake --build /home/faraz/ros2_ws5/build/my_robot_bringup -- -j4 -l4
[2.760s] Invoking command in '/home/faraz/ros2_ws5/build/my_robot_bringup': CMAKE_PREFIX_PATH=${CMAKE_PREFIX_PATH}:/home/faraz/ros2_ws5/install/my_robot_bringup:/home/faraz/ros2_ws4/install/my_robot_description:/home/faraz/ros2_ws/install/my_py_pkg:/opt/ros/jazzy DEBUGINFOD_URLS=https://debuginfod.ubuntu.com /usr/bin/cmake --install /home/faraz/ros2_ws5/build/my_robot_bringup
[2.774s] -- Install configuration: ""
[2.774s] -- Execute custom install script
[2.776s] [31mCMake Error at ament_cmake_symlink_install/ament_cmake_symlink_install.cmake:100 (message):
[2.777s]   ament_cmake_symlink_install_directory() can't find
[2.777s]   '/home/faraz/ros2_ws5/src/my_robot_bringup/urdf'
[2.777s] Call Stack (most recent call first):
[2.777s]   ament_cmake_symlink_install/ament_cmake_symlink_install.cmake:314 (ament_cmake_symlink_install_directory)
[2.777s]   cmake_install.cmake:46 (include)
[2.777s] 
[2.777s] [0m
[2.780s] Invoked command in '/home/faraz/ros2_ws5/build/my_robot_bringup' returned '1': CMAKE_PREFIX_PATH=${CMAKE_PREFIX_PATH}:/home/faraz/ros2_ws5/install/my_robot_bringup:/home/faraz/ros2_ws4/install/my_robot_description:/home/faraz/ros2_ws/install/my_py_pkg:/opt/ros/jazzy DEBUGINFOD_URLS=https://debuginfod.ubuntu.com /usr/bin/cmake --install /home/faraz/ros2_ws5/build/my_robot_bringup
