[0.054s] Invoking command in '/home/faraz/ros2_ws5/build/my_robot_description': CMAKE_PREFIX_PATH=${CMAKE_PREFIX_PATH}:/home/faraz/ros2_ws4/install/my_robot_description:/home/faraz/ros2_ws/install/my_py_pkg:/opt/ros/jazzy DEBUGINFOD_URLS=https://debuginfod.ubuntu.com /usr/bin/cmake /home/faraz/ros2_ws5/src/my_robot_description -DCMAKE_INSTALL_PREFIX=/home/faraz/ros2_ws5/install/my_robot_description
[0.071s] -- Found ament_cmake: 2.5.4 (/opt/ros/jazzy/share/ament_cmake/cmake)
[0.444s] -- Override CMake install command with custom implementation using symlinks instead of copying resources
[0.586s] -- Configuring done (0.5s)
[0.594s] -- Generating done (0.0s)
[0.598s] -- Build files have been written to: /home/faraz/ros2_ws5/build/my_robot_description
[0.606s] Invoked command in '/home/faraz/ros2_ws5/build/my_robot_description' returned '0': CMAKE_PREFIX_PATH=${CMAKE_PREFIX_PATH}:/home/faraz/ros2_ws4/install/my_robot_description:/home/faraz/ros2_ws/install/my_py_pkg:/opt/ros/jazzy DEBUGINFOD_URLS=https://debuginfod.ubuntu.com /usr/bin/cmake /home/faraz/ros2_ws5/src/my_robot_description -DCMAKE_INSTALL_PREFIX=/home/faraz/ros2_ws5/install/my_robot_description
[0.607s] Invoking command in '/home/faraz/ros2_ws5/build/my_robot_description': CMAKE_PREFIX_PATH=${CMAKE_PREFIX_PATH}:/home/faraz/ros2_ws4/install/my_robot_description:/home/faraz/ros2_ws/install/my_py_pkg:/opt/ros/jazzy DEBUGINFOD_URLS=https://debuginfod.ubuntu.com /usr/bin/cmake --build /home/faraz/ros2_ws5/build/my_robot_description -- -j4 -l4
[0.681s] Invoked command in '/home/faraz/ros2_ws5/build/my_robot_description' returned '0': CMAKE_PREFIX_PATH=${CMAKE_PREFIX_PATH}:/home/faraz/ros2_ws4/install/my_robot_description:/home/faraz/ros2_ws/install/my_py_pkg:/opt/ros/jazzy DEBUGINFOD_URLS=https://debuginfod.ubuntu.com /usr/bin/cmake --build /home/faraz/ros2_ws5/build/my_robot_description -- -j4 -l4
[0.696s] Invoking command in '/home/faraz/ros2_ws5/build/my_robot_description': CMAKE_PREFIX_PATH=${CMAKE_PREFIX_PATH}:/home/faraz/ros2_ws4/install/my_robot_description:/home/faraz/ros2_ws/install/my_py_pkg:/opt/ros/jazzy DEBUGINFOD_URLS=https://debuginfod.ubuntu.com /usr/bin/cmake --install /home/faraz/ros2_ws5/build/my_robot_description
[0.709s] -- Install configuration: ""
[0.710s] -- Execute custom install script
[0.710s] -- Up-to-date symlink: /home/faraz/ros2_ws5/install/my_robot_description/share/my_robot_description//urdf/base_and_links.xacro
[0.711s] -- Up-to-date symlink: /home/faraz/ros2_ws5/install/my_robot_description/share/my_robot_description//urdf/camera.xacro
[0.711s] -- Up-to-date symlink: /home/faraz/ros2_ws5/install/my_robot_description/share/my_robot_description//urdf/common_properties.xacro
[0.712s] -- Up-to-date symlink: /home/faraz/ros2_ws5/install/my_robot_description/share/my_robot_description//urdf/mobile_base_gazebo.xacro
[0.712s] -- Up-to-date symlink: /home/faraz/ros2_ws5/install/my_robot_description/share/my_robot_description//urdf/robot_urdf.urdf.xacro
[0.712s] -- Up-to-date symlink: /home/faraz/ros2_ws5/install/my_robot_description/share/my_robot_description//launch/display.launch.py
[0.712s] -- Up-to-date symlink: /home/faraz/ros2_ws5/install/my_robot_description/share/my_robot_description//launch/display.launch.xml
[0.712s] -- Up-to-date symlink: /home/faraz/ros2_ws5/install/my_robot_description/share/my_robot_description//rviz/urdf_config.rviz
[0.712s] -- Up-to-date symlink: /home/faraz/ros2_ws5/install/my_robot_description/share/ament_index/resource_index/package_run_dependencies/my_robot_description
[0.713s] -- Up-to-date symlink: /home/faraz/ros2_ws5/install/my_robot_description/share/ament_index/resource_index/parent_prefix_path/my_robot_description
[0.713s] -- Up-to-date symlink: /home/faraz/ros2_ws5/install/my_robot_description/share/my_robot_description/environment/ament_prefix_path.sh
[0.713s] -- Up-to-date symlink: /home/faraz/ros2_ws5/install/my_robot_description/share/my_robot_description/environment/ament_prefix_path.dsv
[0.714s] -- Up-to-date symlink: /home/faraz/ros2_ws5/install/my_robot_description/share/my_robot_description/environment/path.sh
[0.714s] -- Up-to-date symlink: /home/faraz/ros2_ws5/install/my_robot_description/share/my_robot_description/environment/path.dsv
[0.714s] -- Up-to-date symlink: /home/faraz/ros2_ws5/install/my_robot_description/share/my_robot_description/local_setup.bash
[0.715s] -- Up-to-date symlink: /home/faraz/ros2_ws5/install/my_robot_description/share/my_robot_description/local_setup.sh
[0.715s] -- Up-to-date symlink: /home/faraz/ros2_ws5/install/my_robot_description/share/my_robot_description/local_setup.zsh
[0.715s] -- Up-to-date symlink: /home/faraz/ros2_ws5/install/my_robot_description/share/my_robot_description/local_setup.dsv
[0.716s] -- Symlinking: /home/faraz/ros2_ws5/install/my_robot_description/share/my_robot_description/package.dsv
[0.731s] -- Up-to-date symlink: /home/faraz/ros2_ws5/install/my_robot_description/share/ament_index/resource_index/packages/my_robot_description
[0.732s] -- Up-to-date symlink: /home/faraz/ros2_ws5/install/my_robot_description/share/my_robot_description/cmake/my_robot_descriptionConfig.cmake
[0.732s] -- Up-to-date symlink: /home/faraz/ros2_ws5/install/my_robot_description/share/my_robot_description/cmake/my_robot_descriptionConfig-version.cmake
[0.732s] -- Up-to-date symlink: /home/faraz/ros2_ws5/install/my_robot_description/share/my_robot_description/package.xml
[0.741s] Invoked command in '/home/faraz/ros2_ws5/build/my_robot_description' returned '0': CMAKE_PREFIX_PATH=${CMAKE_PREFIX_PATH}:/home/faraz/ros2_ws4/install/my_robot_description:/home/faraz/ros2_ws/install/my_py_pkg:/opt/ros/jazzy DEBUGINFOD_URLS=https://debuginfod.ubuntu.com /usr/bin/cmake --install /home/faraz/ros2_ws5/build/my_robot_description
