[0.058s] Invoking command in '/home/faraz/ros2_ws5/build/my_robot_bringup': CMAKE_PREFIX_PATH=${CMAKE_PREFIX_PATH}:/home/faraz/ros2_ws4/install/my_robot_description:/home/faraz/ros2_ws/install/my_py_pkg:/opt/ros/jazzy DEBUGINFOD_URLS=https://debuginfod.ubuntu.com /usr/bin/cmake /home/faraz/ros2_ws5/src/my_robot_bringup -DCMAKE_INSTALL_PREFIX=/home/faraz/ros2_ws5/install/my_robot_bringup
[0.157s] -- Found ament_cmake: 2.5.4 (/opt/ros/jazzy/share/ament_cmake/cmake)
[0.493s] -- Override CMake install command with custom implementation using symlinks instead of copying resources
[0.689s] -- Configuring done (0.6s)
[0.728s] -- Generating done (0.0s)
[0.745s] -- Build files have been written to: /home/faraz/ros2_ws5/build/my_robot_bringup
[0.756s] Invoked command in '/home/faraz/ros2_ws5/build/my_robot_bringup' returned '0': CMAKE_PREFIX_PATH=${CMAKE_PREFIX_PATH}:/home/faraz/ros2_ws4/install/my_robot_description:/home/faraz/ros2_ws/install/my_py_pkg:/opt/ros/jazzy DEBUGINFOD_URLS=https://debuginfod.ubuntu.com /usr/bin/cmake /home/faraz/ros2_ws5/src/my_robot_bringup -DCMAKE_INSTALL_PREFIX=/home/faraz/ros2_ws5/install/my_robot_bringup
[0.763s] Invoking command in '/home/faraz/ros2_ws5/build/my_robot_bringup': CMAKE_PREFIX_PATH=${CMAKE_PREFIX_PATH}:/home/faraz/ros2_ws4/install/my_robot_description:/home/faraz/ros2_ws/install/my_py_pkg:/opt/ros/jazzy DEBUGINFOD_URLS=https://debuginfod.ubuntu.com /usr/bin/cmake --build /home/faraz/ros2_ws5/build/my_robot_bringup -- -j4 -l4
[0.872s] Invoked command in '/home/faraz/ros2_ws5/build/my_robot_bringup' returned '0': CMAKE_PREFIX_PATH=${CMAKE_PREFIX_PATH}:/home/faraz/ros2_ws4/install/my_robot_description:/home/faraz/ros2_ws/install/my_py_pkg:/opt/ros/jazzy DEBUGINFOD_URLS=https://debuginfod.ubuntu.com /usr/bin/cmake --build /home/faraz/ros2_ws5/build/my_robot_bringup -- -j4 -l4
[0.873s] Invoking command in '/home/faraz/ros2_ws5/build/my_robot_bringup': CMAKE_PREFIX_PATH=${CMAKE_PREFIX_PATH}:/home/faraz/ros2_ws4/install/my_robot_description:/home/faraz/ros2_ws/install/my_py_pkg:/opt/ros/jazzy DEBUGINFOD_URLS=https://debuginfod.ubuntu.com /usr/bin/cmake --install /home/faraz/ros2_ws5/build/my_robot_bringup
[0.890s] -- Install configuration: ""
[0.893s] -- Execute custom install script
[0.893s] -- Up-to-date symlink: /home/faraz/ros2_ws5/install/my_robot_bringup/share/my_robot_bringup//urdf/base_and_links.xacro
[0.893s] -- Up-to-date symlink: /home/faraz/ros2_ws5/install/my_robot_bringup/share/my_robot_bringup//urdf/common_properties.xacro
[0.893s] -- Up-to-date symlink: /home/faraz/ros2_ws5/install/my_robot_bringup/share/my_robot_bringup//urdf/mobile_base_gazebo.xacro
[0.893s] -- Up-to-date symlink: /home/faraz/ros2_ws5/install/my_robot_bringup/share/my_robot_bringup//urdf/robot_urdf.urdf.xacro
[0.895s] -- Up-to-date symlink: /home/faraz/ros2_ws5/install/my_robot_bringup/share/my_robot_bringup//launch/my_robot_gazebo.launch.xml
[0.896s] -- Up-to-date symlink: /home/faraz/ros2_ws5/install/my_robot_bringup/share/my_robot_bringup//rviz/urdf_config.rviz
[0.896s] -- Up-to-date symlink: /home/faraz/ros2_ws5/install/my_robot_bringup/share/my_robot_bringup//config/gazebo_bridge.yaml
[0.897s] -- Symlinking: /home/faraz/ros2_ws5/install/my_robot_bringup/share/my_robot_bringup//worlds/test_world.sdf
[0.913s] -- Up-to-date symlink: /home/faraz/ros2_ws5/install/my_robot_bringup/share/ament_index/resource_index/package_run_dependencies/my_robot_bringup
[0.914s] -- Up-to-date symlink: /home/faraz/ros2_ws5/install/my_robot_bringup/share/ament_index/resource_index/parent_prefix_path/my_robot_bringup
[0.914s] -- Up-to-date symlink: /home/faraz/ros2_ws5/install/my_robot_bringup/share/my_robot_bringup/environment/ament_prefix_path.sh
[0.915s] -- Up-to-date symlink: /home/faraz/ros2_ws5/install/my_robot_bringup/share/my_robot_bringup/environment/ament_prefix_path.dsv
[0.915s] -- Up-to-date symlink: /home/faraz/ros2_ws5/install/my_robot_bringup/share/my_robot_bringup/environment/path.sh
[0.916s] -- Up-to-date symlink: /home/faraz/ros2_ws5/install/my_robot_bringup/share/my_robot_bringup/environment/path.dsv
[0.918s] -- Up-to-date symlink: /home/faraz/ros2_ws5/install/my_robot_bringup/share/my_robot_bringup/local_setup.bash
[0.918s] -- Up-to-date symlink: /home/faraz/ros2_ws5/install/my_robot_bringup/share/my_robot_bringup/local_setup.sh
[0.918s] -- Up-to-date symlink: /home/faraz/ros2_ws5/install/my_robot_bringup/share/my_robot_bringup/local_setup.zsh
[0.919s] -- Up-to-date symlink: /home/faraz/ros2_ws5/install/my_robot_bringup/share/my_robot_bringup/local_setup.dsv
[0.919s] -- Symlinking: /home/faraz/ros2_ws5/install/my_robot_bringup/share/my_robot_bringup/package.dsv
[0.939s] -- Up-to-date symlink: /home/faraz/ros2_ws5/install/my_robot_bringup/share/ament_index/resource_index/packages/my_robot_bringup
[0.940s] -- Up-to-date symlink: /home/faraz/ros2_ws5/install/my_robot_bringup/share/my_robot_bringup/cmake/my_robot_bringupConfig.cmake
[0.940s] -- Up-to-date symlink: /home/faraz/ros2_ws5/install/my_robot_bringup/share/my_robot_bringup/cmake/my_robot_bringupConfig-version.cmake
[0.940s] -- Up-to-date symlink: /home/faraz/ros2_ws5/install/my_robot_bringup/share/my_robot_bringup/package.xml
[0.971s] Invoked command in '/home/faraz/ros2_ws5/build/my_robot_bringup' returned '0': CMAKE_PREFIX_PATH=${CMAKE_PREFIX_PATH}:/home/faraz/ros2_ws4/install/my_robot_description:/home/faraz/ros2_ws/install/my_py_pkg:/opt/ros/jazzy DEBUGINFOD_URLS=https://debuginfod.ubuntu.com /usr/bin/cmake --install /home/faraz/ros2_ws5/build/my_robot_bringup
