[1.053s] DEBUG:colcon:Command line arguments: ['/usr/bin/colcon', 'list', '-p', '--base-paths', '/home/faraz/ros2_ws4']
[1.054s] DEBUG:colcon:Parsed command line arguments: Namespace(log_base=None, log_level=None, verb_name='list', build_base='build', ignore_user_meta=False, metas=['./colcon.meta'], base_paths=['/home/faraz/ros2_ws4'], packages_ignore=None, packages_ignore_regex=None, paths=None, packages_up_to=None, packages_up_to_regex=None, packages_above=None, packages_above_and_dependencies=None, packages_above_depth=None, packages_select_by_dep=None, packages_skip_by_dep=None, packages_skip_up_to=None, packages_select_build_failed=False, packages_skip_build_finished=False, packages_select_test_failures=False, packages_skip_test_passed=False, packages_select=None, packages_skip=None, packages_select_regex=None, packages_skip_regex=None, packages_start=None, packages_end=None, allow_overriding=[], topological_order=False, names_only=False, paths_only=True, topological_graph=False, topological_graph_dot=False, topological_graph_density=False, topological_graph_legend=False, topological_graph_dot_cluster=False, topological_graph_dot_include_skipped=False, mixin_files=None, mixin=None, verb_parser=<colcon_mixin.mixin.mixin_argument.MixinArgumentDecorator object at 0x7039a45416a0>, verb_extension=<colcon_package_information.verb.list.ListVerb object at 0x7039a44caa20>, main=<bound method ListVerb.main of <colcon_package_information.verb.list.ListVerb object at 0x7039a44caa20>>, mixin_verb=('list',))
[1.281s] Level 1:colcon.colcon_core.package_discovery:discover_packages(colcon_meta) check parameters
[1.283s] Level 1:colcon.colcon_core.package_discovery:discover_packages(recursive) check parameters
[1.283s] Level 1:colcon.colcon_core.package_discovery:discover_packages(ignore) check parameters
[1.283s] Level 1:colcon.colcon_core.package_discovery:discover_packages(path) check parameters
[1.283s] Level 1:colcon.colcon_core.package_discovery:discover_packages(recursive) discover
[1.284s] INFO:colcon.colcon_core.package_discovery:Crawling recursively for packages in '/home/faraz/ros2_ws4'
[1.284s] Level 1:colcon.colcon_core.package_identification:_identify(/home/faraz/ros2_ws4) by extensions ['ignore', 'ignore_ament_install']
[1.284s] Level 1:colcon.colcon_core.package_identification:_identify(/home/faraz/ros2_ws4) by extension 'ignore'
[1.285s] Level 1:colcon.colcon_core.package_identification:_identify(/home/faraz/ros2_ws4) by extension 'ignore_ament_install'
[1.285s] Level 1:colcon.colcon_core.package_identification:_identify(/home/faraz/ros2_ws4) by extensions ['colcon_pkg']
[1.285s] Level 1:colcon.colcon_core.package_identification:_identify(/home/faraz/ros2_ws4) by extension 'colcon_pkg'
[1.285s] Level 1:colcon.colcon_core.package_identification:_identify(/home/faraz/ros2_ws4) by extensions ['colcon_meta']
[1.285s] Level 1:colcon.colcon_core.package_identification:_identify(/home/faraz/ros2_ws4) by extension 'colcon_meta'
[1.285s] Level 1:colcon.colcon_core.package_identification:_identify(/home/faraz/ros2_ws4) by extensions ['ros']
[1.285s] Level 1:colcon.colcon_core.package_identification:_identify(/home/faraz/ros2_ws4) by extension 'ros'
[1.339s] Level 1:colcon.colcon_core.package_identification:_identify(/home/faraz/ros2_ws4) by extensions ['cmake', 'python']
[1.339s] Level 1:colcon.colcon_core.package_identification:_identify(/home/faraz/ros2_ws4) by extension 'cmake'
[1.339s] Level 1:colcon.colcon_core.package_identification:_identify(/home/faraz/ros2_ws4) by extension 'python'
[1.339s] Level 1:colcon.colcon_core.package_identification:_identify(/home/faraz/ros2_ws4) by extensions ['python_setup_py']
[1.339s] Level 1:colcon.colcon_core.package_identification:_identify(/home/faraz/ros2_ws4) by extension 'python_setup_py'
[1.339s] Level 1:colcon.colcon_core.package_identification:_identify(/home/faraz/ros2_ws4/build) by extensions ['ignore', 'ignore_ament_install']
[1.340s] Level 1:colcon.colcon_core.package_identification:_identify(/home/faraz/ros2_ws4/build) by extension 'ignore'
[1.340s] Level 1:colcon.colcon_core.package_identification:_identify(/home/faraz/ros2_ws4/build) ignored
[1.340s] Level 1:colcon.colcon_core.package_identification:_identify(/home/faraz/ros2_ws4/install) by extensions ['ignore', 'ignore_ament_install']
[1.340s] Level 1:colcon.colcon_core.package_identification:_identify(/home/faraz/ros2_ws4/install) by extension 'ignore'
[1.340s] Level 1:colcon.colcon_core.package_identification:_identify(/home/faraz/ros2_ws4/install) ignored
[1.340s] Level 1:colcon.colcon_core.package_identification:_identify(/home/faraz/ros2_ws4/log) by extensions ['ignore', 'ignore_ament_install']
[1.340s] Level 1:colcon.colcon_core.package_identification:_identify(/home/faraz/ros2_ws4/log) by extension 'ignore'
[1.341s] Level 1:colcon.colcon_core.package_identification:_identify(/home/faraz/ros2_ws4/log) ignored
[1.341s] Level 1:colcon.colcon_core.package_identification:_identify(/home/faraz/ros2_ws4/src) by extensions ['ignore', 'ignore_ament_install']
[1.341s] Level 1:colcon.colcon_core.package_identification:_identify(/home/faraz/ros2_ws4/src) by extension 'ignore'
[1.341s] Level 1:colcon.colcon_core.package_identification:_identify(/home/faraz/ros2_ws4/src) by extension 'ignore_ament_install'
[1.341s] Level 1:colcon.colcon_core.package_identification:_identify(/home/faraz/ros2_ws4/src) by extensions ['colcon_pkg']
[1.341s] Level 1:colcon.colcon_core.package_identification:_identify(/home/faraz/ros2_ws4/src) by extension 'colcon_pkg'
[1.341s] Level 1:colcon.colcon_core.package_identification:_identify(/home/faraz/ros2_ws4/src) by extensions ['colcon_meta']
[1.341s] Level 1:colcon.colcon_core.package_identification:_identify(/home/faraz/ros2_ws4/src) by extension 'colcon_meta'
[1.341s] Level 1:colcon.colcon_core.package_identification:_identify(/home/faraz/ros2_ws4/src) by extensions ['ros']
[1.341s] Level 1:colcon.colcon_core.package_identification:_identify(/home/faraz/ros2_ws4/src) by extension 'ros'
[1.341s] Level 1:colcon.colcon_core.package_identification:_identify(/home/faraz/ros2_ws4/src) by extensions ['cmake', 'python']
[1.341s] Level 1:colcon.colcon_core.package_identification:_identify(/home/faraz/ros2_ws4/src) by extension 'cmake'
[1.341s] Level 1:colcon.colcon_core.package_identification:_identify(/home/faraz/ros2_ws4/src) by extension 'python'
[1.342s] Level 1:colcon.colcon_core.package_identification:_identify(/home/faraz/ros2_ws4/src) by extensions ['python_setup_py']
[1.342s] Level 1:colcon.colcon_core.package_identification:_identify(/home/faraz/ros2_ws4/src) by extension 'python_setup_py'
[1.342s] Level 1:colcon.colcon_core.package_identification:_identify(/home/faraz/ros2_ws4/src/my_robot_description) by extensions ['ignore', 'ignore_ament_install']
[1.342s] Level 1:colcon.colcon_core.package_identification:_identify(/home/faraz/ros2_ws4/src/my_robot_description) by extension 'ignore'
[1.342s] Level 1:colcon.colcon_core.package_identification:_identify(/home/faraz/ros2_ws4/src/my_robot_description) by extension 'ignore_ament_install'
[1.342s] Level 1:colcon.colcon_core.package_identification:_identify(/home/faraz/ros2_ws4/src/my_robot_description) by extensions ['colcon_pkg']
[1.342s] Level 1:colcon.colcon_core.package_identification:_identify(/home/faraz/ros2_ws4/src/my_robot_description) by extension 'colcon_pkg'
[1.342s] Level 1:colcon.colcon_core.package_identification:_identify(/home/faraz/ros2_ws4/src/my_robot_description) by extensions ['colcon_meta']
[1.342s] Level 1:colcon.colcon_core.package_identification:_identify(/home/faraz/ros2_ws4/src/my_robot_description) by extension 'colcon_meta'
[1.343s] Level 1:colcon.colcon_core.package_identification:_identify(/home/faraz/ros2_ws4/src/my_robot_description) by extensions ['ros']
[1.343s] Level 1:colcon.colcon_core.package_identification:_identify(/home/faraz/ros2_ws4/src/my_robot_description) by extension 'ros'
[1.347s] DEBUG:colcon.colcon_core.package_identification:Package '/home/faraz/ros2_ws4/src/my_robot_description' with type 'ros.ament_cmake' and name 'my_robot_description'
[1.347s] Level 1:colcon.colcon_core.package_discovery:discover_packages(recursive) using defaults
