[0.429s] DEBUG:colcon:Command line arguments: ['/usr/bin/colcon', 'build', '--symlink-install']
[0.430s] DEBUG:colcon:Parsed command line arguments: Namespace(log_base=None, log_level=None, verb_name='build', build_base='build', install_base='install', merge_install=False, symlink_install=True, test_result_base=None, continue_on_error=False, executor='parallel', parallel_workers=4, event_handlers=None, ignore_user_meta=False, metas=['./colcon.meta'], base_paths=['.'], packages_ignore=None, packages_ignore_regex=None, paths=None, packages_up_to=None, packages_up_to_regex=None, packages_above=None, packages_above_and_dependencies=None, packages_above_depth=None, packages_select_by_dep=None, packages_skip_by_dep=None, packages_skip_up_to=None, packages_select_build_failed=False, packages_skip_build_finished=False, packages_select_test_failures=False, packages_skip_test_passed=False, packages_select=None, packages_skip=None, packages_select_regex=None, packages_skip_regex=None, packages_start=None, packages_end=None, allow_overriding=[], cmake_args=None, cmake_target=None, cmake_target_skip_unavailable=False, cmake_clean_cache=False, cmake_clean_first=False, cmake_force_configure=False, ament_cmake_args=None, catkin_cmake_args=None, catkin_skip_building_tests=False, mixin_files=None, mixin=None, verb_parser=<colcon_mixin.mixin.mixin_argument.MixinArgumentDecorator object at 0x7654b099c5f0>, verb_extension=<colcon_core.verb.build.BuildVerb object at 0x7654b15de240>, main=<bound method BuildVerb.main of <colcon_core.verb.build.BuildVerb object at 0x7654b15de240>>, mixin_verb=('build',))
[0.585s] Level 1:colcon.colcon_core.package_discovery:discover_packages(colcon_meta) check parameters
[0.585s] Level 1:colcon.colcon_core.package_discovery:discover_packages(recursive) check parameters
[0.585s] Level 1:colcon.colcon_core.package_discovery:discover_packages(ignore) check parameters
[0.585s] Level 1:colcon.colcon_core.package_discovery:discover_packages(path) check parameters
[0.585s] Level 1:colcon.colcon_core.package_discovery:discover_packages(colcon_meta) discover
[0.585s] Level 1:colcon.colcon_core.package_discovery:discover_packages(recursive) discover
[0.585s] INFO:colcon.colcon_core.package_discovery:Crawling recursively for packages in '/home/faraz/ros2_ws5'
[0.585s] Level 1:colcon.colcon_core.package_identification:_identify(.) by extensions ['ignore', 'ignore_ament_install']
[0.585s] Level 1:colcon.colcon_core.package_identification:_identify(.) by extension 'ignore'
[0.585s] Level 1:colcon.colcon_core.package_identification:_identify(.) by extension 'ignore_ament_install'
[0.585s] Level 1:colcon.colcon_core.package_identification:_identify(.) by extensions ['colcon_pkg']
[0.585s] Level 1:colcon.colcon_core.package_identification:_identify(.) by extension 'colcon_pkg'
[0.585s] Level 1:colcon.colcon_core.package_identification:_identify(.) by extensions ['colcon_meta']
[0.585s] Level 1:colcon.colcon_core.package_identification:_identify(.) by extension 'colcon_meta'
[0.585s] Level 1:colcon.colcon_core.package_identification:_identify(.) by extensions ['ros']
[0.585s] Level 1:colcon.colcon_core.package_identification:_identify(.) by extension 'ros'
[0.652s] Level 1:colcon.colcon_core.package_identification:_identify(.) by extensions ['cmake', 'python']
[0.652s] Level 1:colcon.colcon_core.package_identification:_identify(.) by extension 'cmake'
[0.652s] Level 1:colcon.colcon_core.package_identification:_identify(.) by extension 'python'
[0.652s] Level 1:colcon.colcon_core.package_identification:_identify(.) by extensions ['python_setup_py']
[0.652s] Level 1:colcon.colcon_core.package_identification:_identify(.) by extension 'python_setup_py'
[0.653s] Level 1:colcon.colcon_core.package_identification:_identify(build) by extensions ['ignore', 'ignore_ament_install']
[0.653s] Level 1:colcon.colcon_core.package_identification:_identify(build) by extension 'ignore'
[0.653s] Level 1:colcon.colcon_core.package_identification:_identify(build) ignored
[0.653s] Level 1:colcon.colcon_core.package_identification:_identify(install) by extensions ['ignore', 'ignore_ament_install']
[0.654s] Level 1:colcon.colcon_core.package_identification:_identify(install) by extension 'ignore'
[0.654s] Level 1:colcon.colcon_core.package_identification:_identify(install) ignored
[0.654s] Level 1:colcon.colcon_core.package_identification:_identify(log) by extensions ['ignore', 'ignore_ament_install']
[0.654s] Level 1:colcon.colcon_core.package_identification:_identify(log) by extension 'ignore'
[0.654s] Level 1:colcon.colcon_core.package_identification:_identify(log) ignored
[0.654s] Level 1:colcon.colcon_core.package_identification:_identify(src) by extensions ['ignore', 'ignore_ament_install']
[0.654s] Level 1:colcon.colcon_core.package_identification:_identify(src) by extension 'ignore'
[0.654s] Level 1:colcon.colcon_core.package_identification:_identify(src) by extension 'ignore_ament_install'
[0.654s] Level 1:colcon.colcon_core.package_identification:_identify(src) by extensions ['colcon_pkg']
[0.654s] Level 1:colcon.colcon_core.package_identification:_identify(src) by extension 'colcon_pkg'
[0.654s] Level 1:colcon.colcon_core.package_identification:_identify(src) by extensions ['colcon_meta']
[0.654s] Level 1:colcon.colcon_core.package_identification:_identify(src) by extension 'colcon_meta'
[0.654s] Level 1:colcon.colcon_core.package_identification:_identify(src) by extensions ['ros']
[0.654s] Level 1:colcon.colcon_core.package_identification:_identify(src) by extension 'ros'
[0.654s] Level 1:colcon.colcon_core.package_identification:_identify(src) by extensions ['cmake', 'python']
[0.654s] Level 1:colcon.colcon_core.package_identification:_identify(src) by extension 'cmake'
[0.654s] Level 1:colcon.colcon_core.package_identification:_identify(src) by extension 'python'
[0.654s] Level 1:colcon.colcon_core.package_identification:_identify(src) by extensions ['python_setup_py']
[0.654s] Level 1:colcon.colcon_core.package_identification:_identify(src) by extension 'python_setup_py'
[0.655s] Level 1:colcon.colcon_core.package_identification:_identify(src/my_robot_bringup) by extensions ['ignore', 'ignore_ament_install']
[0.655s] Level 1:colcon.colcon_core.package_identification:_identify(src/my_robot_bringup) by extension 'ignore'
[0.655s] Level 1:colcon.colcon_core.package_identification:_identify(src/my_robot_bringup) by extension 'ignore_ament_install'
[0.655s] Level 1:colcon.colcon_core.package_identification:_identify(src/my_robot_bringup) by extensions ['colcon_pkg']
[0.655s] Level 1:colcon.colcon_core.package_identification:_identify(src/my_robot_bringup) by extension 'colcon_pkg'
[0.655s] Level 1:colcon.colcon_core.package_identification:_identify(src/my_robot_bringup) by extensions ['colcon_meta']
[0.655s] Level 1:colcon.colcon_core.package_identification:_identify(src/my_robot_bringup) by extension 'colcon_meta'
[0.655s] Level 1:colcon.colcon_core.package_identification:_identify(src/my_robot_bringup) by extensions ['ros']
[0.655s] Level 1:colcon.colcon_core.package_identification:_identify(src/my_robot_bringup) by extension 'ros'
[0.661s] DEBUG:colcon.colcon_core.package_identification:Package 'src/my_robot_bringup' with type 'ros.ament_cmake' and name 'my_robot_bringup'
[0.661s] Level 1:colcon.colcon_core.package_identification:_identify(src/my_robot_description) by extensions ['ignore', 'ignore_ament_install']
[0.661s] Level 1:colcon.colcon_core.package_identification:_identify(src/my_robot_description) by extension 'ignore'
[0.661s] Level 1:colcon.colcon_core.package_identification:_identify(src/my_robot_description) by extension 'ignore_ament_install'
[0.662s] Level 1:colcon.colcon_core.package_identification:_identify(src/my_robot_description) by extensions ['colcon_pkg']
[0.662s] Level 1:colcon.colcon_core.package_identification:_identify(src/my_robot_description) by extension 'colcon_pkg'
[0.662s] Level 1:colcon.colcon_core.package_identification:_identify(src/my_robot_description) by extensions ['colcon_meta']
[0.662s] Level 1:colcon.colcon_core.package_identification:_identify(src/my_robot_description) by extension 'colcon_meta'
[0.662s] Level 1:colcon.colcon_core.package_identification:_identify(src/my_robot_description) by extensions ['ros']
[0.662s] Level 1:colcon.colcon_core.package_identification:_identify(src/my_robot_description) by extension 'ros'
[0.662s] DEBUG:colcon.colcon_core.package_identification:Package 'src/my_robot_description' with type 'ros.ament_cmake' and name 'my_robot_description'
[0.662s] Level 1:colcon.colcon_core.package_discovery:discover_packages(recursive) using defaults
[0.662s] Level 1:colcon.colcon_core.package_discovery:discover_packages(ignore) discover
[0.662s] Level 1:colcon.colcon_core.package_discovery:discover_packages(ignore) using defaults
[0.662s] Level 1:colcon.colcon_core.package_discovery:discover_packages(path) discover
[0.662s] Level 1:colcon.colcon_core.package_discovery:discover_packages(path) using defaults
[0.736s] Level 1:colcon.colcon_core.package_discovery:discover_packages(prefix_path) check parameters
[0.737s] Level 1:colcon.colcon_core.package_discovery:discover_packages(prefix_path) discover
[0.754s] DEBUG:colcon.colcon_installed_package_information.package_discovery:Found 2 installed packages in /home/faraz/ros2_ws5/install
[0.756s] DEBUG:colcon.colcon_installed_package_information.package_discovery:Found 1 installed packages in /home/faraz/ros2_ws4/install
[0.756s] DEBUG:colcon.colcon_installed_package_information.package_discovery:Found 1 installed packages in /home/faraz/ros2_ws3/install
[0.759s] DEBUG:colcon.colcon_installed_package_information.package_discovery:Found 2 installed packages in /home/faraz/ros2_ws/install
[0.762s] DEBUG:colcon.colcon_installed_package_information.package_discovery:Found 319 installed packages in /opt/ros/jazzy
[0.763s] Level 1:colcon.colcon_core.package_discovery:discover_packages(prefix_path) using defaults
[0.912s] Level 5:colcon.colcon_core.verb:set package 'my_robot_bringup' build argument 'cmake_args' from command line to 'None'
[0.912s] Level 5:colcon.colcon_core.verb:set package 'my_robot_bringup' build argument 'cmake_target' from command line to 'None'
[0.912s] Level 5:colcon.colcon_core.verb:set package 'my_robot_bringup' build argument 'cmake_target_skip_unavailable' from command line to 'False'
[0.912s] Level 5:colcon.colcon_core.verb:set package 'my_robot_bringup' build argument 'cmake_clean_cache' from command line to 'False'
[0.912s] Level 5:colcon.colcon_core.verb:set package 'my_robot_bringup' build argument 'cmake_clean_first' from command line to 'False'
[0.912s] Level 5:colcon.colcon_core.verb:set package 'my_robot_bringup' build argument 'cmake_force_configure' from command line to 'False'
[0.912s] Level 5:colcon.colcon_core.verb:set package 'my_robot_bringup' build argument 'ament_cmake_args' from command line to 'None'
[0.912s] Level 5:colcon.colcon_core.verb:set package 'my_robot_bringup' build argument 'catkin_cmake_args' from command line to 'None'
[0.912s] Level 5:colcon.colcon_core.verb:set package 'my_robot_bringup' build argument 'catkin_skip_building_tests' from command line to 'False'
[0.912s] DEBUG:colcon.colcon_core.verb:Building package 'my_robot_bringup' with the following arguments: {'ament_cmake_args': None, 'build_base': '/home/faraz/ros2_ws5/build/my_robot_bringup', 'catkin_cmake_args': None, 'catkin_skip_building_tests': False, 'cmake_args': None, 'cmake_clean_cache': False, 'cmake_clean_first': False, 'cmake_force_configure': False, 'cmake_target': None, 'cmake_target_skip_unavailable': False, 'install_base': '/home/faraz/ros2_ws5/install/my_robot_bringup', 'merge_install': False, 'path': '/home/faraz/ros2_ws5/src/my_robot_bringup', 'symlink_install': True, 'test_result_base': None}
[0.913s] Level 5:colcon.colcon_core.verb:set package 'my_robot_description' build argument 'cmake_args' from command line to 'None'
[0.913s] Level 5:colcon.colcon_core.verb:set package 'my_robot_description' build argument 'cmake_target' from command line to 'None'
[0.913s] Level 5:colcon.colcon_core.verb:set package 'my_robot_description' build argument 'cmake_target_skip_unavailable' from command line to 'False'
[0.913s] Level 5:colcon.colcon_core.verb:set package 'my_robot_description' build argument 'cmake_clean_cache' from command line to 'False'
[0.913s] Level 5:colcon.colcon_core.verb:set package 'my_robot_description' build argument 'cmake_clean_first' from command line to 'False'
[0.913s] Level 5:colcon.colcon_core.verb:set package 'my_robot_description' build argument 'cmake_force_configure' from command line to 'False'
[0.913s] Level 5:colcon.colcon_core.verb:set package 'my_robot_description' build argument 'ament_cmake_args' from command line to 'None'
[0.913s] Level 5:colcon.colcon_core.verb:set package 'my_robot_description' build argument 'catkin_cmake_args' from command line to 'None'
[0.913s] Level 5:colcon.colcon_core.verb:set package 'my_robot_description' build argument 'catkin_skip_building_tests' from command line to 'False'
[0.913s] DEBUG:colcon.colcon_core.verb:Building package 'my_robot_description' with the following arguments: {'ament_cmake_args': None, 'build_base': '/home/faraz/ros2_ws5/build/my_robot_description', 'catkin_cmake_args': None, 'catkin_skip_building_tests': False, 'cmake_args': None, 'cmake_clean_cache': False, 'cmake_clean_first': False, 'cmake_force_configure': False, 'cmake_target': None, 'cmake_target_skip_unavailable': False, 'install_base': '/home/faraz/ros2_ws5/install/my_robot_description', 'merge_install': False, 'path': '/home/faraz/ros2_ws5/src/my_robot_description', 'symlink_install': True, 'test_result_base': None}
[0.913s] INFO:colcon.colcon_core.executor:Executing jobs using 'parallel' executor
[0.921s] DEBUG:colcon.colcon_parallel_executor.executor.parallel:run_until_complete
[0.921s] INFO:colcon.colcon_ros.task.ament_cmake.build:Building ROS package in '/home/faraz/ros2_ws5/src/my_robot_bringup' with build type 'ament_cmake'
[0.922s] INFO:colcon.colcon_cmake.task.cmake.build:Building CMake package in '/home/faraz/ros2_ws5/src/my_robot_bringup'
[0.936s] INFO:colcon.colcon_core.plugin_system:Skipping extension 'colcon_core.shell.bat': Not used on non-Windows systems
[0.936s] INFO:colcon.colcon_core.shell:Skip shell extension 'powershell' for command environment: Not usable outside of PowerShell
[0.937s] DEBUG:colcon.colcon_core.shell:Skip shell extension 'dsv' for command environment
[0.947s] INFO:colcon.colcon_ros.task.ament_cmake.build:Building ROS package in '/home/faraz/ros2_ws5/src/my_robot_description' with build type 'ament_cmake'
[0.949s] INFO:colcon.colcon_cmake.task.cmake.build:Building CMake package in '/home/faraz/ros2_ws5/src/my_robot_description'
[0.964s] INFO:colcon.colcon_core.shell:Skip shell extension 'powershell' for command environment: Not usable outside of PowerShell
[0.964s] DEBUG:colcon.colcon_core.shell:Skip shell extension 'dsv' for command environment
[0.996s] DEBUG:colcon.colcon_core.event_handler.log_command:Invoking command in '/home/faraz/ros2_ws5/build/my_robot_bringup': CMAKE_PREFIX_PATH=${CMAKE_PREFIX_PATH}:/home/faraz/ros2_ws5/install/my_robot_bringup:/home/faraz/ros2_ws4/install/my_robot_description:/home/faraz/ros2_ws/install/my_py_pkg:/opt/ros/jazzy DEBUGINFOD_URLS=https://debuginfod.ubuntu.com /usr/bin/cmake /home/faraz/ros2_ws5/src/my_robot_bringup -DAMENT_CMAKE_SYMLINK_INSTALL=1 -DCMAKE_INSTALL_PREFIX=/home/faraz/ros2_ws5/install/my_robot_bringup
[1.036s] DEBUG:colcon.colcon_core.event_handler.log_command:Invoking command in '/home/faraz/ros2_ws5/build/my_robot_description': CMAKE_PREFIX_PATH=${CMAKE_PREFIX_PATH}:/home/faraz/ros2_ws5/install/my_robot_bringup:/home/faraz/ros2_ws4/install/my_robot_description:/home/faraz/ros2_ws/install/my_py_pkg:/opt/ros/jazzy DEBUGINFOD_URLS=https://debuginfod.ubuntu.com /usr/bin/cmake --build /home/faraz/ros2_ws5/build/my_robot_description -- -j4 -l4
[1.172s] DEBUG:colcon.colcon_core.event_handler.log_command:Invoked command in '/home/faraz/ros2_ws5/build/my_robot_description' returned '0': CMAKE_PREFIX_PATH=${CMAKE_PREFIX_PATH}:/home/faraz/ros2_ws5/install/my_robot_bringup:/home/faraz/ros2_ws4/install/my_robot_description:/home/faraz/ros2_ws/install/my_py_pkg:/opt/ros/jazzy DEBUGINFOD_URLS=https://debuginfod.ubuntu.com /usr/bin/cmake --build /home/faraz/ros2_ws5/build/my_robot_description -- -j4 -l4
[1.199s] DEBUG:colcon.colcon_core.event_handler.log_command:Invoking command in '/home/faraz/ros2_ws5/build/my_robot_description': CMAKE_PREFIX_PATH=${CMAKE_PREFIX_PATH}:/home/faraz/ros2_ws5/install/my_robot_bringup:/home/faraz/ros2_ws4/install/my_robot_description:/home/faraz/ros2_ws/install/my_py_pkg:/opt/ros/jazzy DEBUGINFOD_URLS=https://debuginfod.ubuntu.com /usr/bin/cmake --install /home/faraz/ros2_ws5/build/my_robot_description
[1.263s] Level 1:colcon.colcon_core.environment:create_environment_scripts_only(my_robot_description)
[1.264s] DEBUG:colcon.colcon_core.event_handler.log_command:Invoked command in '/home/faraz/ros2_ws5/build/my_robot_description' returned '0': CMAKE_PREFIX_PATH=${CMAKE_PREFIX_PATH}:/home/faraz/ros2_ws5/install/my_robot_bringup:/home/faraz/ros2_ws4/install/my_robot_description:/home/faraz/ros2_ws/install/my_py_pkg:/opt/ros/jazzy DEBUGINFOD_URLS=https://debuginfod.ubuntu.com /usr/bin/cmake --install /home/faraz/ros2_ws5/build/my_robot_description
[1.279s] Level 1:colcon.colcon_core.environment:checking '/home/faraz/ros2_ws5/install/my_robot_description' for CMake module files
[1.280s] Level 1:colcon.colcon_core.environment:checking '/home/faraz/ros2_ws5/install/my_robot_description' for CMake config files
[1.281s] Level 1:colcon.colcon_core.shell:create_environment_hook('my_robot_description', 'cmake_prefix_path')
[1.281s] INFO:colcon.colcon_core.shell:Creating environment hook '/home/faraz/ros2_ws5/install/my_robot_description/share/my_robot_description/hook/cmake_prefix_path.ps1'
[1.283s] INFO:colcon.colcon_core.shell:Creating environment descriptor '/home/faraz/ros2_ws5/install/my_robot_description/share/my_robot_description/hook/cmake_prefix_path.dsv'
[1.286s] INFO:colcon.colcon_core.shell:Creating environment hook '/home/faraz/ros2_ws5/install/my_robot_description/share/my_robot_description/hook/cmake_prefix_path.sh'
[1.288s] Level 1:colcon.colcon_core.environment:checking '/home/faraz/ros2_ws5/install/my_robot_description/bin'
[1.289s] Level 1:colcon.colcon_core.environment:checking '/home/faraz/ros2_ws5/install/my_robot_description/lib/pkgconfig/my_robot_description.pc'
[1.289s] Level 1:colcon.colcon_core.environment:checking '/home/faraz/ros2_ws5/install/my_robot_description/lib/python3.12/site-packages'
[1.289s] Level 1:colcon.colcon_core.environment:checking '/home/faraz/ros2_ws5/install/my_robot_description/bin'
[1.290s] INFO:colcon.colcon_core.shell:Creating package script '/home/faraz/ros2_ws5/install/my_robot_description/share/my_robot_description/package.ps1'
[1.291s] INFO:colcon.colcon_core.shell:Creating package descriptor '/home/faraz/ros2_ws5/install/my_robot_description/share/my_robot_description/package.dsv'
[1.294s] INFO:colcon.colcon_core.shell:Creating package script '/home/faraz/ros2_ws5/install/my_robot_description/share/my_robot_description/package.sh'
[1.299s] INFO:colcon.colcon_core.shell:Creating package script '/home/faraz/ros2_ws5/install/my_robot_description/share/my_robot_description/package.bash'
[1.302s] INFO:colcon.colcon_core.shell:Creating package script '/home/faraz/ros2_ws5/install/my_robot_description/share/my_robot_description/package.zsh'
[1.306s] Level 1:colcon.colcon_core.environment:create_file_with_runtime_dependencies(/home/faraz/ros2_ws5/install/my_robot_description/share/colcon-core/packages/my_robot_description)
[1.308s] Level 1:colcon.colcon_core.environment:create_environment_scripts_only(my_robot_description)
[1.309s] Level 1:colcon.colcon_core.environment:checking '/home/faraz/ros2_ws5/install/my_robot_description' for CMake module files
[1.311s] Level 1:colcon.colcon_core.environment:checking '/home/faraz/ros2_ws5/install/my_robot_description' for CMake config files
[1.312s] Level 1:colcon.colcon_core.shell:create_environment_hook('my_robot_description', 'cmake_prefix_path')
[1.313s] INFO:colcon.colcon_core.shell:Creating environment hook '/home/faraz/ros2_ws5/install/my_robot_description/share/my_robot_description/hook/cmake_prefix_path.ps1'
[1.315s] INFO:colcon.colcon_core.shell:Creating environment descriptor '/home/faraz/ros2_ws5/install/my_robot_description/share/my_robot_description/hook/cmake_prefix_path.dsv'
[1.318s] INFO:colcon.colcon_core.shell:Creating environment hook '/home/faraz/ros2_ws5/install/my_robot_description/share/my_robot_description/hook/cmake_prefix_path.sh'
[1.321s] Level 1:colcon.colcon_core.environment:checking '/home/faraz/ros2_ws5/install/my_robot_description/bin'
[1.322s] Level 1:colcon.colcon_core.environment:checking '/home/faraz/ros2_ws5/install/my_robot_description/lib/pkgconfig/my_robot_description.pc'
[1.322s] Level 1:colcon.colcon_core.environment:checking '/home/faraz/ros2_ws5/install/my_robot_description/lib/python3.12/site-packages'
[1.323s] Level 1:colcon.colcon_core.environment:checking '/home/faraz/ros2_ws5/install/my_robot_description/bin'
[1.323s] INFO:colcon.colcon_core.shell:Creating package script '/home/faraz/ros2_ws5/install/my_robot_description/share/my_robot_description/package.ps1'
[1.325s] INFO:colcon.colcon_core.shell:Creating package descriptor '/home/faraz/ros2_ws5/install/my_robot_description/share/my_robot_description/package.dsv'
[1.326s] INFO:colcon.colcon_core.shell:Creating package script '/home/faraz/ros2_ws5/install/my_robot_description/share/my_robot_description/package.sh'
[1.328s] INFO:colcon.colcon_core.shell:Creating package script '/home/faraz/ros2_ws5/install/my_robot_description/share/my_robot_description/package.bash'
[1.331s] INFO:colcon.colcon_core.shell:Creating package script '/home/faraz/ros2_ws5/install/my_robot_description/share/my_robot_description/package.zsh'
[1.333s] Level 1:colcon.colcon_core.environment:create_file_with_runtime_dependencies(/home/faraz/ros2_ws5/install/my_robot_description/share/colcon-core/packages/my_robot_description)
[3.609s] DEBUG:colcon.colcon_core.event_handler.log_command:Invoked command in '/home/faraz/ros2_ws5/build/my_robot_bringup' returned '0': CMAKE_PREFIX_PATH=${CMAKE_PREFIX_PATH}:/home/faraz/ros2_ws5/install/my_robot_bringup:/home/faraz/ros2_ws4/install/my_robot_description:/home/faraz/ros2_ws/install/my_py_pkg:/opt/ros/jazzy DEBUGINFOD_URLS=https://debuginfod.ubuntu.com /usr/bin/cmake /home/faraz/ros2_ws5/src/my_robot_bringup -DAMENT_CMAKE_SYMLINK_INSTALL=1 -DCMAKE_INSTALL_PREFIX=/home/faraz/ros2_ws5/install/my_robot_bringup
[3.609s] DEBUG:colcon.colcon_core.event_handler.log_command:Invoking command in '/home/faraz/ros2_ws5/build/my_robot_bringup': CMAKE_PREFIX_PATH=${CMAKE_PREFIX_PATH}:/home/faraz/ros2_ws5/install/my_robot_bringup:/home/faraz/ros2_ws4/install/my_robot_description:/home/faraz/ros2_ws/install/my_py_pkg:/opt/ros/jazzy DEBUGINFOD_URLS=https://debuginfod.ubuntu.com /usr/bin/cmake --build /home/faraz/ros2_ws5/build/my_robot_bringup -- -j4 -l4
[3.682s] DEBUG:colcon.colcon_core.event_handler.log_command:Invoked command in '/home/faraz/ros2_ws5/build/my_robot_bringup' returned '0': CMAKE_PREFIX_PATH=${CMAKE_PREFIX_PATH}:/home/faraz/ros2_ws5/install/my_robot_bringup:/home/faraz/ros2_ws4/install/my_robot_description:/home/faraz/ros2_ws/install/my_py_pkg:/opt/ros/jazzy DEBUGINFOD_URLS=https://debuginfod.ubuntu.com /usr/bin/cmake --build /home/faraz/ros2_ws5/build/my_robot_bringup -- -j4 -l4
[3.683s] DEBUG:colcon.colcon_core.event_handler.log_command:Invoking command in '/home/faraz/ros2_ws5/build/my_robot_bringup': CMAKE_PREFIX_PATH=${CMAKE_PREFIX_PATH}:/home/faraz/ros2_ws5/install/my_robot_bringup:/home/faraz/ros2_ws4/install/my_robot_description:/home/faraz/ros2_ws/install/my_py_pkg:/opt/ros/jazzy DEBUGINFOD_URLS=https://debuginfod.ubuntu.com /usr/bin/cmake --install /home/faraz/ros2_ws5/build/my_robot_bringup
[3.702s] Level 1:colcon.colcon_core.environment:create_environment_scripts_only(my_robot_bringup)
[3.702s] Level 1:colcon.colcon_core.environment:checking '/home/faraz/ros2_ws5/install/my_robot_bringup' for CMake module files
[3.704s] DEBUG:colcon.colcon_core.event_handler.log_command:Invoked command in '/home/faraz/ros2_ws5/build/my_robot_bringup' returned '1': CMAKE_PREFIX_PATH=${CMAKE_PREFIX_PATH}:/home/faraz/ros2_ws5/install/my_robot_bringup:/home/faraz/ros2_ws4/install/my_robot_description:/home/faraz/ros2_ws/install/my_py_pkg:/opt/ros/jazzy DEBUGINFOD_URLS=https://debuginfod.ubuntu.com /usr/bin/cmake --install /home/faraz/ros2_ws5/build/my_robot_bringup
[3.705s] Level 1:colcon.colcon_core.environment:checking '/home/faraz/ros2_ws5/install/my_robot_bringup' for CMake config files
[3.708s] Level 1:colcon.colcon_core.environment:checking '/home/faraz/ros2_ws5/install/my_robot_bringup/lib'
[3.708s] Level 1:colcon.colcon_core.environment:checking '/home/faraz/ros2_ws5/install/my_robot_bringup/bin'
[3.708s] Level 1:colcon.colcon_core.environment:checking '/home/faraz/ros2_ws5/install/my_robot_bringup/lib/pkgconfig/my_robot_bringup.pc'
[3.709s] Level 1:colcon.colcon_core.environment:checking '/home/faraz/ros2_ws5/install/my_robot_bringup/lib/python3.12/site-packages'
[3.709s] Level 1:colcon.colcon_core.shell:create_environment_hook('my_robot_bringup', 'pythonpath')
[3.709s] INFO:colcon.colcon_core.shell:Creating environment hook '/home/faraz/ros2_ws5/install/my_robot_bringup/share/my_robot_bringup/hook/pythonpath.ps1'
[3.712s] INFO:colcon.colcon_core.shell:Creating environment descriptor '/home/faraz/ros2_ws5/install/my_robot_bringup/share/my_robot_bringup/hook/pythonpath.dsv'
[3.714s] INFO:colcon.colcon_core.shell:Creating environment hook '/home/faraz/ros2_ws5/install/my_robot_bringup/share/my_robot_bringup/hook/pythonpath.sh'
[3.715s] Level 1:colcon.colcon_core.environment:checking '/home/faraz/ros2_ws5/install/my_robot_bringup/bin'
[3.715s] INFO:colcon.colcon_core.shell:Creating package script '/home/faraz/ros2_ws5/install/my_robot_bringup/share/my_robot_bringup/package.ps1'
[3.716s] INFO:colcon.colcon_core.shell:Creating package descriptor '/home/faraz/ros2_ws5/install/my_robot_bringup/share/my_robot_bringup/package.dsv'
[3.718s] INFO:colcon.colcon_core.shell:Creating package script '/home/faraz/ros2_ws5/install/my_robot_bringup/share/my_robot_bringup/package.sh'
[3.719s] INFO:colcon.colcon_core.shell:Creating package script '/home/faraz/ros2_ws5/install/my_robot_bringup/share/my_robot_bringup/package.bash'
[3.720s] INFO:colcon.colcon_core.shell:Creating package script '/home/faraz/ros2_ws5/install/my_robot_bringup/share/my_robot_bringup/package.zsh'
[3.721s] Level 1:colcon.colcon_core.environment:create_file_with_runtime_dependencies(/home/faraz/ros2_ws5/install/my_robot_bringup/share/colcon-core/packages/my_robot_bringup)
[3.734s] DEBUG:colcon.colcon_parallel_executor.executor.parallel:closing loop
[3.734s] DEBUG:colcon.colcon_parallel_executor.executor.parallel:loop closed
[3.735s] DEBUG:colcon.colcon_parallel_executor.executor.parallel:run_until_complete finished with '1'
[3.735s] DEBUG:colcon.colcon_core.event_reactor:joining thread
[3.792s] INFO:colcon.colcon_core.plugin_system:Skipping extension 'colcon_notification.desktop_notification.terminal_notifier': Not used on non-Darwin systems
[3.792s] INFO:colcon.colcon_core.plugin_system:Skipping extension 'colcon_notification.desktop_notification.win32': Not used on non-Windows systems
[3.792s] INFO:colcon.colcon_notification.desktop_notification:Sending desktop notification using 'notify2'
[4.010s] DEBUG:colcon.colcon_core.event_reactor:joined thread
[4.010s] INFO:colcon.colcon_core.shell:Creating prefix script '/home/faraz/ros2_ws5/install/local_setup.ps1'
[4.014s] INFO:colcon.colcon_core.shell:Creating prefix util module '/home/faraz/ros2_ws5/install/_local_setup_util_ps1.py'
[4.021s] INFO:colcon.colcon_core.shell:Creating prefix chain script '/home/faraz/ros2_ws5/install/setup.ps1'
[4.024s] INFO:colcon.colcon_core.shell:Creating prefix script '/home/faraz/ros2_ws5/install/local_setup.sh'
[4.028s] INFO:colcon.colcon_core.shell:Creating prefix util module '/home/faraz/ros2_ws5/install/_local_setup_util_sh.py'
[4.031s] INFO:colcon.colcon_core.shell:Creating prefix chain script '/home/faraz/ros2_ws5/install/setup.sh'
[4.036s] INFO:colcon.colcon_core.shell:Creating prefix script '/home/faraz/ros2_ws5/install/local_setup.bash'
[4.038s] INFO:colcon.colcon_core.shell:Creating prefix chain script '/home/faraz/ros2_ws5/install/setup.bash'
[4.042s] INFO:colcon.colcon_core.shell:Creating prefix script '/home/faraz/ros2_ws5/install/local_setup.zsh'
[4.044s] INFO:colcon.colcon_core.shell:Creating prefix chain script '/home/faraz/ros2_ws5/install/setup.zsh'
