[0.760s] DEBUG:colcon:Command line arguments: ['/usr/bin/colcon', 'build']
[0.760s] DEBUG:colcon:Parsed command line arguments: Namespace(log_base=None, log_level=None, verb_name='build', build_base='build', install_base='install', merge_install=False, symlink_install=False, test_result_base=None, continue_on_error=False, executor='parallel', parallel_workers=4, event_handlers=None, ignore_user_meta=False, metas=['./colcon.meta'], base_paths=['.'], packages_ignore=None, packages_ignore_regex=None, paths=None, packages_up_to=None, packages_up_to_regex=None, packages_above=None, packages_above_and_dependencies=None, packages_above_depth=None, packages_select_by_dep=None, packages_skip_by_dep=None, packages_skip_up_to=None, packages_select_build_failed=False, packages_skip_build_finished=False, packages_select_test_failures=False, packages_skip_test_passed=False, packages_select=None, packages_skip=None, packages_select_regex=None, packages_skip_regex=None, packages_start=None, packages_end=None, allow_overriding=[], cmake_args=None, cmake_target=None, cmake_target_skip_unavailable=False, cmake_clean_cache=False, cmake_clean_first=False, cmake_force_configure=False, ament_cmake_args=None, catkin_cmake_args=None, catkin_skip_building_tests=False, mixin_files=None, mixin=None, verb_parser=<colcon_mixin.mixin.mixin_argument.MixinArgumentDecorator object at 0x7dfc6c9985f0>, verb_extension=<colcon_core.verb.build.BuildVerb object at 0x7dfc6c92a060>, main=<bound method BuildVerb.main of <colcon_core.verb.build.BuildVerb object at 0x7dfc6c92a060>>, mixin_verb=('build',))
[0.924s] Level 1:colcon.colcon_core.package_discovery:discover_packages(colcon_meta) check parameters
[0.924s] Level 1:colcon.colcon_core.package_discovery:discover_packages(recursive) check parameters
[0.924s] Level 1:colcon.colcon_core.package_discovery:discover_packages(ignore) check parameters
[0.924s] Level 1:colcon.colcon_core.package_discovery:discover_packages(path) check parameters
[0.924s] Level 1:colcon.colcon_core.package_discovery:discover_packages(colcon_meta) discover
[0.924s] Level 1:colcon.colcon_core.package_discovery:discover_packages(recursive) discover
[0.924s] INFO:colcon.colcon_core.package_discovery:Crawling recursively for packages in '/home/faraz/ros2_ws4'
[0.925s] Level 1:colcon.colcon_core.package_identification:_identify(.) by extensions ['ignore', 'ignore_ament_install']
[0.925s] Level 1:colcon.colcon_core.package_identification:_identify(.) by extension 'ignore'
[0.925s] Level 1:colcon.colcon_core.package_identification:_identify(.) by extension 'ignore_ament_install'
[0.926s] Level 1:colcon.colcon_core.package_identification:_identify(.) by extensions ['colcon_pkg']
[0.926s] Level 1:colcon.colcon_core.package_identification:_identify(.) by extension 'colcon_pkg'
[0.926s] Level 1:colcon.colcon_core.package_identification:_identify(.) by extensions ['colcon_meta']
[0.926s] Level 1:colcon.colcon_core.package_identification:_identify(.) by extension 'colcon_meta'
[0.926s] Level 1:colcon.colcon_core.package_identification:_identify(.) by extensions ['ros']
[0.926s] Level 1:colcon.colcon_core.package_identification:_identify(.) by extension 'ros'
[1.115s] Level 1:colcon.colcon_core.package_identification:_identify(.) by extensions ['cmake', 'python']
[1.115s] Level 1:colcon.colcon_core.package_identification:_identify(.) by extension 'cmake'
[1.115s] Level 1:colcon.colcon_core.package_identification:_identify(.) by extension 'python'
[1.115s] Level 1:colcon.colcon_core.package_identification:_identify(.) by extensions ['python_setup_py']
[1.115s] Level 1:colcon.colcon_core.package_identification:_identify(.) by extension 'python_setup_py'
[1.116s] Level 1:colcon.colcon_core.package_identification:_identify(build) by extensions ['ignore', 'ignore_ament_install']
[1.116s] Level 1:colcon.colcon_core.package_identification:_identify(build) by extension 'ignore'
[1.116s] Level 1:colcon.colcon_core.package_identification:_identify(build) ignored
[1.116s] Level 1:colcon.colcon_core.package_identification:_identify(install) by extensions ['ignore', 'ignore_ament_install']
[1.117s] Level 1:colcon.colcon_core.package_identification:_identify(install) by extension 'ignore'
[1.117s] Level 1:colcon.colcon_core.package_identification:_identify(install) ignored
[1.117s] Level 1:colcon.colcon_core.package_identification:_identify(log) by extensions ['ignore', 'ignore_ament_install']
[1.118s] Level 1:colcon.colcon_core.package_identification:_identify(log) by extension 'ignore'
[1.118s] Level 1:colcon.colcon_core.package_identification:_identify(log) ignored
[1.118s] Level 1:colcon.colcon_core.package_identification:_identify(src) by extensions ['ignore', 'ignore_ament_install']
[1.118s] Level 1:colcon.colcon_core.package_identification:_identify(src) by extension 'ignore'
[1.118s] Level 1:colcon.colcon_core.package_identification:_identify(src) by extension 'ignore_ament_install'
[1.118s] Level 1:colcon.colcon_core.package_identification:_identify(src) by extensions ['colcon_pkg']
[1.118s] Level 1:colcon.colcon_core.package_identification:_identify(src) by extension 'colcon_pkg'
[1.118s] Level 1:colcon.colcon_core.package_identification:_identify(src) by extensions ['colcon_meta']
[1.118s] Level 1:colcon.colcon_core.package_identification:_identify(src) by extension 'colcon_meta'
[1.118s] Level 1:colcon.colcon_core.package_identification:_identify(src) by extensions ['ros']
[1.118s] Level 1:colcon.colcon_core.package_identification:_identify(src) by extension 'ros'
[1.118s] Level 1:colcon.colcon_core.package_identification:_identify(src) by extensions ['cmake', 'python']
[1.118s] Level 1:colcon.colcon_core.package_identification:_identify(src) by extension 'cmake'
[1.118s] Level 1:colcon.colcon_core.package_identification:_identify(src) by extension 'python'
[1.118s] Level 1:colcon.colcon_core.package_identification:_identify(src) by extensions ['python_setup_py']
[1.118s] Level 1:colcon.colcon_core.package_identification:_identify(src) by extension 'python_setup_py'
[1.119s] Level 1:colcon.colcon_core.package_identification:_identify(src/my_robot_description) by extensions ['ignore', 'ignore_ament_install']
[1.119s] Level 1:colcon.colcon_core.package_identification:_identify(src/my_robot_description) by extension 'ignore'
[1.119s] Level 1:colcon.colcon_core.package_identification:_identify(src/my_robot_description) by extension 'ignore_ament_install'
[1.119s] Level 1:colcon.colcon_core.package_identification:_identify(src/my_robot_description) by extensions ['colcon_pkg']
[1.119s] Level 1:colcon.colcon_core.package_identification:_identify(src/my_robot_description) by extension 'colcon_pkg'
[1.119s] Level 1:colcon.colcon_core.package_identification:_identify(src/my_robot_description) by extensions ['colcon_meta']
[1.119s] Level 1:colcon.colcon_core.package_identification:_identify(src/my_robot_description) by extension 'colcon_meta'
[1.119s] Level 1:colcon.colcon_core.package_identification:_identify(src/my_robot_description) by extensions ['ros']
[1.119s] Level 1:colcon.colcon_core.package_identification:_identify(src/my_robot_description) by extension 'ros'
[1.135s] DEBUG:colcon.colcon_core.package_identification:Package 'src/my_robot_description' with type 'ros.ament_cmake' and name 'my_robot_description'
[1.135s] Level 1:colcon.colcon_core.package_discovery:discover_packages(recursive) using defaults
[1.135s] Level 1:colcon.colcon_core.package_discovery:discover_packages(ignore) discover
[1.135s] Level 1:colcon.colcon_core.package_discovery:discover_packages(ignore) using defaults
[1.135s] Level 1:colcon.colcon_core.package_discovery:discover_packages(path) discover
[1.135s] Level 1:colcon.colcon_core.package_discovery:discover_packages(path) using defaults
[1.259s] Level 1:colcon.colcon_core.package_discovery:discover_packages(prefix_path) check parameters
[1.259s] Level 1:colcon.colcon_core.package_discovery:discover_packages(prefix_path) discover
[1.296s] DEBUG:colcon.colcon_installed_package_information.package_discovery:Found 1 installed packages in /home/faraz/ros2_ws4/install
[1.298s] DEBUG:colcon.colcon_installed_package_information.package_discovery:Found 1 installed packages in /home/faraz/ros2_ws3/install
[1.302s] DEBUG:colcon.colcon_installed_package_information.package_discovery:Found 2 installed packages in /home/faraz/ros2_ws/install
[1.308s] DEBUG:colcon.colcon_installed_package_information.package_discovery:Found 319 installed packages in /opt/ros/jazzy
[1.313s] Level 1:colcon.colcon_core.package_discovery:discover_packages(prefix_path) using defaults
[1.716s] Level 5:colcon.colcon_core.verb:set package 'my_robot_description' build argument 'cmake_args' from command line to 'None'
[1.716s] Level 5:colcon.colcon_core.verb:set package 'my_robot_description' build argument 'cmake_target' from command line to 'None'
[1.717s] Level 5:colcon.colcon_core.verb:set package 'my_robot_description' build argument 'cmake_target_skip_unavailable' from command line to 'False'
[1.717s] Level 5:colcon.colcon_core.verb:set package 'my_robot_description' build argument 'cmake_clean_cache' from command line to 'False'
[1.717s] Level 5:colcon.colcon_core.verb:set package 'my_robot_description' build argument 'cmake_clean_first' from command line to 'False'
[1.717s] Level 5:colcon.colcon_core.verb:set package 'my_robot_description' build argument 'cmake_force_configure' from command line to 'False'
[1.717s] Level 5:colcon.colcon_core.verb:set package 'my_robot_description' build argument 'ament_cmake_args' from command line to 'None'
[1.717s] Level 5:colcon.colcon_core.verb:set package 'my_robot_description' build argument 'catkin_cmake_args' from command line to 'None'
[1.717s] Level 5:colcon.colcon_core.verb:set package 'my_robot_description' build argument 'catkin_skip_building_tests' from command line to 'False'
[1.717s] DEBUG:colcon.colcon_core.verb:Building package 'my_robot_description' with the following arguments: {'ament_cmake_args': None, 'build_base': '/home/faraz/ros2_ws4/build/my_robot_description', 'catkin_cmake_args': None, 'catkin_skip_building_tests': False, 'cmake_args': None, 'cmake_clean_cache': False, 'cmake_clean_first': False, 'cmake_force_configure': False, 'cmake_target': None, 'cmake_target_skip_unavailable': False, 'install_base': '/home/faraz/ros2_ws4/install/my_robot_description', 'merge_install': False, 'path': '/home/faraz/ros2_ws4/src/my_robot_description', 'symlink_install': False, 'test_result_base': None}
[1.717s] INFO:colcon.colcon_core.executor:Executing jobs using 'parallel' executor
[1.719s] DEBUG:colcon.colcon_parallel_executor.executor.parallel:run_until_complete
[1.720s] INFO:colcon.colcon_ros.task.ament_cmake.build:Building ROS package in '/home/faraz/ros2_ws4/src/my_robot_description' with build type 'ament_cmake'
[1.720s] INFO:colcon.colcon_cmake.task.cmake.build:Building CMake package in '/home/faraz/ros2_ws4/src/my_robot_description'
[1.754s] INFO:colcon.colcon_core.plugin_system:Skipping extension 'colcon_core.shell.bat': Not used on non-Windows systems
[1.754s] INFO:colcon.colcon_core.shell:Skip shell extension 'powershell' for command environment: Not usable outside of PowerShell
[1.754s] DEBUG:colcon.colcon_core.shell:Skip shell extension 'dsv' for command environment
[1.785s] DEBUG:colcon.colcon_core.event_handler.log_command:Invoking command in '/home/faraz/ros2_ws4/build/my_robot_description': CMAKE_PREFIX_PATH=${CMAKE_PREFIX_PATH}:/home/faraz/ros2_ws/install/my_py_pkg:/opt/ros/jazzy DEBUGINFOD_URLS=https://debuginfod.ubuntu.com /usr/bin/cmake --build /home/faraz/ros2_ws4/build/my_robot_description -- -j4 -l4
[2.440s] DEBUG:colcon.colcon_core.event_handler.log_command:Invoked command in '/home/faraz/ros2_ws4/build/my_robot_description' returned '0': CMAKE_PREFIX_PATH=${CMAKE_PREFIX_PATH}:/home/faraz/ros2_ws/install/my_py_pkg:/opt/ros/jazzy DEBUGINFOD_URLS=https://debuginfod.ubuntu.com /usr/bin/cmake --build /home/faraz/ros2_ws4/build/my_robot_description -- -j4 -l4
[2.462s] DEBUG:colcon.colcon_core.event_handler.log_command:Invoking command in '/home/faraz/ros2_ws4/build/my_robot_description': CMAKE_PREFIX_PATH=${CMAKE_PREFIX_PATH}:/home/faraz/ros2_ws/install/my_py_pkg:/opt/ros/jazzy DEBUGINFOD_URLS=https://debuginfod.ubuntu.com /usr/bin/cmake --install /home/faraz/ros2_ws4/build/my_robot_description
[2.553s] Level 1:colcon.colcon_core.environment:create_environment_scripts_only(my_robot_description)
[2.554s] DEBUG:colcon.colcon_core.event_handler.log_command:Invoked command in '/home/faraz/ros2_ws4/build/my_robot_description' returned '0': CMAKE_PREFIX_PATH=${CMAKE_PREFIX_PATH}:/home/faraz/ros2_ws/install/my_py_pkg:/opt/ros/jazzy DEBUGINFOD_URLS=https://debuginfod.ubuntu.com /usr/bin/cmake --install /home/faraz/ros2_ws4/build/my_robot_description
[2.573s] Level 1:colcon.colcon_core.environment:checking '/home/faraz/ros2_ws4/install/my_robot_description' for CMake module files
[2.574s] Level 1:colcon.colcon_core.environment:checking '/home/faraz/ros2_ws4/install/my_robot_description' for CMake config files
[2.575s] Level 1:colcon.colcon_core.shell:create_environment_hook('my_robot_description', 'cmake_prefix_path')
[2.575s] INFO:colcon.colcon_core.shell:Creating environment hook '/home/faraz/ros2_ws4/install/my_robot_description/share/my_robot_description/hook/cmake_prefix_path.ps1'
[2.580s] INFO:colcon.colcon_core.shell:Creating environment descriptor '/home/faraz/ros2_ws4/install/my_robot_description/share/my_robot_description/hook/cmake_prefix_path.dsv'
[2.582s] INFO:colcon.colcon_core.shell:Creating environment hook '/home/faraz/ros2_ws4/install/my_robot_description/share/my_robot_description/hook/cmake_prefix_path.sh'
[2.584s] Level 1:colcon.colcon_core.environment:checking '/home/faraz/ros2_ws4/install/my_robot_description/bin'
[2.584s] Level 1:colcon.colcon_core.environment:checking '/home/faraz/ros2_ws4/install/my_robot_description/lib/pkgconfig/my_robot_description.pc'
[2.585s] Level 1:colcon.colcon_core.environment:checking '/home/faraz/ros2_ws4/install/my_robot_description/lib/python3.12/site-packages'
[2.585s] Level 1:colcon.colcon_core.environment:checking '/home/faraz/ros2_ws4/install/my_robot_description/bin'
[2.585s] INFO:colcon.colcon_core.shell:Creating package script '/home/faraz/ros2_ws4/install/my_robot_description/share/my_robot_description/package.ps1'
[2.587s] INFO:colcon.colcon_core.shell:Creating package descriptor '/home/faraz/ros2_ws4/install/my_robot_description/share/my_robot_description/package.dsv'
[2.588s] INFO:colcon.colcon_core.shell:Creating package script '/home/faraz/ros2_ws4/install/my_robot_description/share/my_robot_description/package.sh'
[2.590s] INFO:colcon.colcon_core.shell:Creating package script '/home/faraz/ros2_ws4/install/my_robot_description/share/my_robot_description/package.bash'
[2.592s] INFO:colcon.colcon_core.shell:Creating package script '/home/faraz/ros2_ws4/install/my_robot_description/share/my_robot_description/package.zsh'
[2.594s] Level 1:colcon.colcon_core.environment:create_file_with_runtime_dependencies(/home/faraz/ros2_ws4/install/my_robot_description/share/colcon-core/packages/my_robot_description)
[2.595s] Level 1:colcon.colcon_core.environment:create_environment_scripts_only(my_robot_description)
[2.595s] Level 1:colcon.colcon_core.environment:checking '/home/faraz/ros2_ws4/install/my_robot_description' for CMake module files
[2.596s] Level 1:colcon.colcon_core.environment:checking '/home/faraz/ros2_ws4/install/my_robot_description' for CMake config files
[2.596s] Level 1:colcon.colcon_core.shell:create_environment_hook('my_robot_description', 'cmake_prefix_path')
[2.596s] INFO:colcon.colcon_core.shell:Creating environment hook '/home/faraz/ros2_ws4/install/my_robot_description/share/my_robot_description/hook/cmake_prefix_path.ps1'
[2.597s] INFO:colcon.colcon_core.shell:Creating environment descriptor '/home/faraz/ros2_ws4/install/my_robot_description/share/my_robot_description/hook/cmake_prefix_path.dsv'
[2.597s] INFO:colcon.colcon_core.shell:Creating environment hook '/home/faraz/ros2_ws4/install/my_robot_description/share/my_robot_description/hook/cmake_prefix_path.sh'
[2.599s] Level 1:colcon.colcon_core.environment:checking '/home/faraz/ros2_ws4/install/my_robot_description/bin'
[2.599s] Level 1:colcon.colcon_core.environment:checking '/home/faraz/ros2_ws4/install/my_robot_description/lib/pkgconfig/my_robot_description.pc'
[2.599s] Level 1:colcon.colcon_core.environment:checking '/home/faraz/ros2_ws4/install/my_robot_description/lib/python3.12/site-packages'
[2.599s] Level 1:colcon.colcon_core.environment:checking '/home/faraz/ros2_ws4/install/my_robot_description/bin'
[2.600s] INFO:colcon.colcon_core.shell:Creating package script '/home/faraz/ros2_ws4/install/my_robot_description/share/my_robot_description/package.ps1'
[2.600s] INFO:colcon.colcon_core.shell:Creating package descriptor '/home/faraz/ros2_ws4/install/my_robot_description/share/my_robot_description/package.dsv'
[2.601s] INFO:colcon.colcon_core.shell:Creating package script '/home/faraz/ros2_ws4/install/my_robot_description/share/my_robot_description/package.sh'
[2.602s] INFO:colcon.colcon_core.shell:Creating package script '/home/faraz/ros2_ws4/install/my_robot_description/share/my_robot_description/package.bash'
[2.603s] INFO:colcon.colcon_core.shell:Creating package script '/home/faraz/ros2_ws4/install/my_robot_description/share/my_robot_description/package.zsh'
[2.604s] Level 1:colcon.colcon_core.environment:create_file_with_runtime_dependencies(/home/faraz/ros2_ws4/install/my_robot_description/share/colcon-core/packages/my_robot_description)
[2.604s] DEBUG:colcon.colcon_parallel_executor.executor.parallel:closing loop
[2.604s] DEBUG:colcon.colcon_parallel_executor.executor.parallel:loop closed
[2.604s] DEBUG:colcon.colcon_parallel_executor.executor.parallel:run_until_complete finished with '0'
[2.605s] DEBUG:colcon.colcon_core.event_reactor:joining thread
[2.657s] INFO:colcon.colcon_core.plugin_system:Skipping extension 'colcon_notification.desktop_notification.terminal_notifier': Not used on non-Darwin systems
[2.657s] INFO:colcon.colcon_core.plugin_system:Skipping extension 'colcon_notification.desktop_notification.win32': Not used on non-Windows systems
[2.657s] INFO:colcon.colcon_notification.desktop_notification:Sending desktop notification using 'notify2'
[3.009s] DEBUG:colcon.colcon_core.event_reactor:joined thread
[3.011s] INFO:colcon.colcon_core.shell:Creating prefix script '/home/faraz/ros2_ws4/install/local_setup.ps1'
[3.014s] INFO:colcon.colcon_core.shell:Creating prefix util module '/home/faraz/ros2_ws4/install/_local_setup_util_ps1.py'
[3.018s] INFO:colcon.colcon_core.shell:Creating prefix chain script '/home/faraz/ros2_ws4/install/setup.ps1'
[3.021s] INFO:colcon.colcon_core.shell:Creating prefix script '/home/faraz/ros2_ws4/install/local_setup.sh'
[3.023s] INFO:colcon.colcon_core.shell:Creating prefix util module '/home/faraz/ros2_ws4/install/_local_setup_util_sh.py'
[3.025s] INFO:colcon.colcon_core.shell:Creating prefix chain script '/home/faraz/ros2_ws4/install/setup.sh'
[3.027s] INFO:colcon.colcon_core.shell:Creating prefix script '/home/faraz/ros2_ws4/install/local_setup.bash'
[3.029s] INFO:colcon.colcon_core.shell:Creating prefix chain script '/home/faraz/ros2_ws4/install/setup.bash'
[3.032s] INFO:colcon.colcon_core.shell:Creating prefix script '/home/faraz/ros2_ws4/install/local_setup.zsh'
[3.035s] INFO:colcon.colcon_core.shell:Creating prefix chain script '/home/faraz/ros2_ws4/install/setup.zsh'
