[0.045s] Invoking command in '/home/faraz/ros2_ws4/build/my_robot_description': CMAKE_PREFIX_PATH=${CMAKE_PREFIX_PATH}:/home/faraz/ros2_ws/install/my_py_pkg:/opt/ros/jazzy DEBUGINFOD_URLS=https://debuginfod.ubuntu.com /usr/bin/cmake --build /home/faraz/ros2_ws4/build/my_robot_description -- -j4 -l4
[0.172s] -- Found ament_cmake: 2.5.4 (/opt/ros/jazzy/share/ament_cmake/cmake)
[1.238s] -- Configuring done (1.1s)
[1.301s] -- Generating done (0.0s)
[1.319s] -- Build files have been written to: /home/faraz/ros2_ws4/build/my_robot_description
[1.372s] Invoked command in '/home/faraz/ros2_ws4/build/my_robot_description' returned '0': CMAKE_PREFIX_PATH=${CMAKE_PREFIX_PATH}:/home/faraz/ros2_ws/install/my_py_pkg:/opt/ros/jazzy DEBUGINFOD_URLS=https://debuginfod.ubuntu.com /usr/bin/cmake --build /home/faraz/ros2_ws4/build/my_robot_description -- -j4 -l4
[1.391s] Invoking command in '/home/faraz/ros2_ws4/build/my_robot_description': CMAKE_PREFIX_PATH=${CMAKE_PREFIX_PATH}:/home/faraz/ros2_ws/install/my_py_pkg:/opt/ros/jazzy DEBUGINFOD_URLS=https://debuginfod.ubuntu.com /usr/bin/cmake --install /home/faraz/ros2_ws4/build/my_robot_description
[1.410s] -- Install configuration: ""
[1.412s] -- Up-to-date: /home/faraz/ros2_ws4/install/my_robot_description/share/my_robot_description//urdf
[1.412s] -- Up-to-date: /home/faraz/ros2_ws4/install/my_robot_description/share/my_robot_description//urdf/robot_urdf.urdf
[1.414s] -- Installing: /home/faraz/ros2_ws4/install/my_robot_description/share/my_robot_description//launch
[1.415s] -- Installing: /home/faraz/ros2_ws4/install/my_robot_description/share/my_robot_description//launch/display.launch.xml
[1.416s] -- Up-to-date: /home/faraz/ros2_ws4/install/my_robot_description/share/ament_index/resource_index/package_run_dependencies/my_robot_description
[1.416s] -- Installing: /home/faraz/ros2_ws4/install/my_robot_description/share/ament_index/resource_index/parent_prefix_path/my_robot_description
[1.419s] -- Up-to-date: /home/faraz/ros2_ws4/install/my_robot_description/share/my_robot_description/environment/ament_prefix_path.sh
[1.419s] -- Up-to-date: /home/faraz/ros2_ws4/install/my_robot_description/share/my_robot_description/environment/ament_prefix_path.dsv
[1.419s] -- Up-to-date: /home/faraz/ros2_ws4/install/my_robot_description/share/my_robot_description/environment/path.sh
[1.419s] -- Up-to-date: /home/faraz/ros2_ws4/install/my_robot_description/share/my_robot_description/environment/path.dsv
[1.420s] -- Up-to-date: /home/faraz/ros2_ws4/install/my_robot_description/share/my_robot_description/local_setup.bash
[1.420s] -- Up-to-date: /home/faraz/ros2_ws4/install/my_robot_description/share/my_robot_description/local_setup.sh
[1.420s] -- Up-to-date: /home/faraz/ros2_ws4/install/my_robot_description/share/my_robot_description/local_setup.zsh
[1.420s] -- Up-to-date: /home/faraz/ros2_ws4/install/my_robot_description/share/my_robot_description/local_setup.dsv
[1.420s] -- Up-to-date: /home/faraz/ros2_ws4/install/my_robot_description/share/my_robot_description/package.dsv
[1.420s] -- Up-to-date: /home/faraz/ros2_ws4/install/my_robot_description/share/ament_index/resource_index/packages/my_robot_description
[1.420s] -- Up-to-date: /home/faraz/ros2_ws4/install/my_robot_description/share/my_robot_description/cmake/my_robot_descriptionConfig.cmake
[1.420s] -- Up-to-date: /home/faraz/ros2_ws4/install/my_robot_description/share/my_robot_description/cmake/my_robot_descriptionConfig-version.cmake
[1.421s] -- Up-to-date: /home/faraz/ros2_ws4/install/my_robot_description/share/my_robot_description/package.xml
[1.425s] Invoked command in '/home/faraz/ros2_ws4/build/my_robot_description' returned '0': CMAKE_PREFIX_PATH=${CMAKE_PREFIX_PATH}:/home/faraz/ros2_ws/install/my_py_pkg:/opt/ros/jazzy DEBUGINFOD_URLS=https://debuginfod.ubuntu.com /usr/bin/cmake --install /home/faraz/ros2_ws4/build/my_robot_description
