[0mCMake Error: The current CMakeCache.txt directory /home/faraz/ros2_ws5/build/my_robot_description/CMakeCache.txt is different than the directory /home/faraz/ros2_ws4/build/my_robot_description where CMakeCache.txt was created. This may result in binaries being created in the wrong place. If you are not sure, reedit the CMakeCache.txt[0m
-- Found ament_cmake: 2.5.4 (/opt/ros/jazzy/share/ament_cmake/cmake)
-- Override CMake install command with custom implementation using symlinks instead of copying resources
-- Configuring done (1.1s)
-- Generating done (0.0s)
-- Build files have been written to: /home/faraz/ros2_ws4/build/my_robot_description
-- Install configuration: ""
-- Execute custom install script
-- Up-to-date symlink: /home/faraz/ros2_ws4/install/my_robot_description/share/my_robot_description//urdf/base_and_links.xacro
-- Up-to-date symlink: /home/faraz/ros2_ws4/install/my_robot_description/share/my_robot_description//urdf/common_properties.xacro
-- Up-to-date symlink: /home/faraz/ros2_ws4/install/my_robot_description/share/my_robot_description//urdf/robot_urdf.urdf.xacro
-- Up-to-date symlink: /home/faraz/ros2_ws4/install/my_robot_description/share/my_robot_description//launch/display.launch.py
-- Up-to-date symlink: /home/faraz/ros2_ws4/install/my_robot_description/share/my_robot_description//launch/display.launch.xml
-- Up-to-date symlink: /home/faraz/ros2_ws4/install/my_robot_description/share/my_robot_description//rviz/urdf_config.rviz
-- Up-to-date symlink: /home/faraz/ros2_ws4/install/my_robot_description/share/ament_index/resource_index/package_run_dependencies/my_robot_description
-- Up-to-date symlink: /home/faraz/ros2_ws4/install/my_robot_description/share/ament_index/resource_index/parent_prefix_path/my_robot_description
-- Up-to-date symlink: /home/faraz/ros2_ws4/install/my_robot_description/share/my_robot_description/environment/ament_prefix_path.sh
-- Up-to-date symlink: /home/faraz/ros2_ws4/install/my_robot_description/share/my_robot_description/environment/ament_prefix_path.dsv
-- Up-to-date symlink: /home/faraz/ros2_ws4/install/my_robot_description/share/my_robot_description/environment/path.sh
-- Up-to-date symlink: /home/faraz/ros2_ws4/install/my_robot_description/share/my_robot_description/environment/path.dsv
-- Up-to-date symlink: /home/faraz/ros2_ws4/install/my_robot_description/share/my_robot_description/local_setup.bash
-- Up-to-date symlink: /home/faraz/ros2_ws4/install/my_robot_description/share/my_robot_description/local_setup.sh
-- Up-to-date symlink: /home/faraz/ros2_ws4/install/my_robot_description/share/my_robot_description/local_setup.zsh
-- Up-to-date symlink: /home/faraz/ros2_ws4/install/my_robot_description/share/my_robot_description/local_setup.dsv
-- Symlinking: /home/faraz/ros2_ws4/install/my_robot_description/share/my_robot_description/package.dsv
-- Up-to-date symlink: /home/faraz/ros2_ws4/install/my_robot_description/share/ament_index/resource_index/packages/my_robot_description
-- Up-to-date symlink: /home/faraz/ros2_ws4/install/my_robot_description/share/my_robot_description/cmake/my_robot_descriptionConfig.cmake
-- Up-to-date symlink: /home/faraz/ros2_ws4/install/my_robot_description/share/my_robot_description/cmake/my_robot_descriptionConfig-version.cmake
-- Up-to-date symlink: /home/faraz/ros2_ws4/install/my_robot_description/share/my_robot_description/package.xml
