[0.052s] Invoking command in '/home/faraz/ros2_ws5/build/my_robot_description': CMAKE_PREFIX_PATH=${CMAKE_PREFIX_PATH}:/home/faraz/ros2_ws/install/my_py_pkg:/opt/ros/jazzy DEBUGINFOD_URLS=https://debuginfod.ubuntu.com /usr/bin/cmake --build /home/faraz/ros2_ws5/build/my_robot_description -- -j4 -l4
[0.223s] [0mCMake Error: The current CMakeCache.txt directory /home/faraz/ros2_ws5/build/my_robot_description/CMakeCache.txt is different than the directory /home/faraz/ros2_ws4/build/my_robot_description where CMakeCache.txt was created. This may result in binaries being created in the wrong place. If you are not sure, reedit the CMakeCache.txt[0m
[0.477s] -- Found ament_cmake: 2.5.4 (/opt/ros/jazzy/share/ament_cmake/cmake)
[1.200s] -- Override CMake install command with custom implementation using symlinks instead of copying resources
[1.477s] -- Configuring done (1.1s)
[1.540s] -- Generating done (0.0s)
[1.561s] -- Build files have been written to: /home/faraz/ros2_ws4/build/my_robot_description
[1.639s] Invoked command in '/home/faraz/ros2_ws5/build/my_robot_description' returned '0': CMAKE_PREFIX_PATH=${CMAKE_PREFIX_PATH}:/home/faraz/ros2_ws/install/my_py_pkg:/opt/ros/jazzy DEBUGINFOD_URLS=https://debuginfod.ubuntu.com /usr/bin/cmake --build /home/faraz/ros2_ws5/build/my_robot_description -- -j4 -l4
[1.670s] Invoking command in '/home/faraz/ros2_ws5/build/my_robot_description': CMAKE_PREFIX_PATH=${CMAKE_PREFIX_PATH}:/home/faraz/ros2_ws/install/my_py_pkg:/opt/ros/jazzy DEBUGINFOD_URLS=https://debuginfod.ubuntu.com /usr/bin/cmake --install /home/faraz/ros2_ws5/build/my_robot_description
[1.689s] -- Install configuration: ""
[1.690s] -- Execute custom install script
[1.696s] -- Up-to-date symlink: /home/faraz/ros2_ws4/install/my_robot_description/share/my_robot_description//urdf/base_and_links.xacro
[1.698s] -- Up-to-date symlink: /home/faraz/ros2_ws4/install/my_robot_description/share/my_robot_description//urdf/common_properties.xacro
[1.698s] -- Up-to-date symlink: /home/faraz/ros2_ws4/install/my_robot_description/share/my_robot_description//urdf/robot_urdf.urdf.xacro
[1.698s] -- Up-to-date symlink: /home/faraz/ros2_ws4/install/my_robot_description/share/my_robot_description//launch/display.launch.py
[1.698s] -- Up-to-date symlink: /home/faraz/ros2_ws4/install/my_robot_description/share/my_robot_description//launch/display.launch.xml
[1.698s] -- Up-to-date symlink: /home/faraz/ros2_ws4/install/my_robot_description/share/my_robot_description//rviz/urdf_config.rviz
[1.698s] -- Up-to-date symlink: /home/faraz/ros2_ws4/install/my_robot_description/share/ament_index/resource_index/package_run_dependencies/my_robot_description
[1.699s] -- Up-to-date symlink: /home/faraz/ros2_ws4/install/my_robot_description/share/ament_index/resource_index/parent_prefix_path/my_robot_description
[1.699s] -- Up-to-date symlink: /home/faraz/ros2_ws4/install/my_robot_description/share/my_robot_description/environment/ament_prefix_path.sh
[1.699s] -- Up-to-date symlink: /home/faraz/ros2_ws4/install/my_robot_description/share/my_robot_description/environment/ament_prefix_path.dsv
[1.699s] -- Up-to-date symlink: /home/faraz/ros2_ws4/install/my_robot_description/share/my_robot_description/environment/path.sh
[1.699s] -- Up-to-date symlink: /home/faraz/ros2_ws4/install/my_robot_description/share/my_robot_description/environment/path.dsv
[1.700s] -- Up-to-date symlink: /home/faraz/ros2_ws4/install/my_robot_description/share/my_robot_description/local_setup.bash
[1.700s] -- Up-to-date symlink: /home/faraz/ros2_ws4/install/my_robot_description/share/my_robot_description/local_setup.sh
[1.700s] -- Up-to-date symlink: /home/faraz/ros2_ws4/install/my_robot_description/share/my_robot_description/local_setup.zsh
[1.700s] -- Up-to-date symlink: /home/faraz/ros2_ws4/install/my_robot_description/share/my_robot_description/local_setup.dsv
[1.700s] -- Symlinking: /home/faraz/ros2_ws4/install/my_robot_description/share/my_robot_description/package.dsv
[1.723s] -- Up-to-date symlink: /home/faraz/ros2_ws4/install/my_robot_description/share/ament_index/resource_index/packages/my_robot_description
[1.723s] -- Up-to-date symlink: /home/faraz/ros2_ws4/install/my_robot_description/share/my_robot_description/cmake/my_robot_descriptionConfig.cmake
[1.724s] -- Up-to-date symlink: /home/faraz/ros2_ws4/install/my_robot_description/share/my_robot_description/cmake/my_robot_descriptionConfig-version.cmake
[1.724s] -- Up-to-date symlink: /home/faraz/ros2_ws4/install/my_robot_description/share/my_robot_description/package.xml
[1.727s] Invoked command in '/home/faraz/ros2_ws5/build/my_robot_description' returned '0': CMAKE_PREFIX_PATH=${CMAKE_PREFIX_PATH}:/home/faraz/ros2_ws/install/my_py_pkg:/opt/ros/jazzy DEBUGINFOD_URLS=https://debuginfod.ubuntu.com /usr/bin/cmake --install /home/faraz/ros2_ws5/build/my_robot_description
